#
# There is insufficient memory for the Java Runtime Environment to continue.
# Native memory allocation (mmap) failed to map 71303168 bytes for G1 virtual space
# Possible reasons:
#   The system is out of physical RAM or swap space
#   The process is running with CompressedOops enabled, and the Java Heap may be blocking the growth of the native heap
# Possible solutions:
#   Reduce memory load on the system
#   Increase physical memory or swap space
#   Check if swap backing store is full
#   Decrease Java heap size (-Xmx/-Xms)
#   Decrease number of Java threads
#   Decrease Java thread stack sizes (-Xss)
#   Set larger code cache with -XX:ReservedCodeCacheSize=
#   JVM is running with Zero Based Compressed Oops mode in which the Java heap is
#     placed in the first 32GB address space. The Java Heap base address is the
#     maximum limit for the native heap growth. Please use -XX:HeapBaseMinAddress
#     to set the Java Heap base and to place the Java Heap above 32GB virtual address.
# This output file may be truncated or incomplete.
#
#  Out of Memory Error (os_windows.cpp:3557), pid=4408, tid=1076
#
# JRE version: OpenJDK Runtime Environment Temurin-17.0.6+10 (17.0.6+10) (build 17.0.6+10)
# Java VM: OpenJDK 64-Bit Server VM Temurin-17.0.6+10 (17.0.6+10, mixed mode, emulated-client, tiered, compressed oops, compressed class ptrs, g1 gc, windows-amd64)
# No core dump will be written. Minidumps are not enabled by default on client versions of Windows
#

---------------  S U M M A R Y ------------

Command Line: -Dcom.sun.management.jmxremote -Dcom.sun.management.jmxremote.port=59152 -Dcom.sun.management.jmxremote.authenticate=false -Dcom.sun.management.jmxremote.ssl=false -Djava.rmi.server.hostname=localhost -Dspring.jmx.enabled=true -Dmanagement.endpoints.jmx.exposure.include=* -Dspring.application.admin.enabled=true -XX:TieredStopAtLevel=1 -Dspring.boot.project.name=ms-person -Dfile.encoding=UTF-8 -XX:+ShowCodeDetailsInExceptionMessages mspessoas.MsPessoasApplication --spring.profiles.active=dev --spring.output.ansi.enabled=always --USER_DB=root --USER_AUTHENTIC_BASIC=msperson --PASSWORD_AUTHENTIC_BASIC=e1e96229eddcbe05f18939aa47c0fdcbec08863e --PORTA_DB=3306 --IP_DB=localhost --PASSWORD_DB=root

Host: Intel(R) Core(TM) i5-8265U CPU @ 1.60GHz, 8 cores, 11G,  Windows 11 , 64 bit Build 22621 (10.0.22621.1344)
Time: Sat Apr 22 09:18:20 2023 Hora oficial do Brasil elapsed time: 7.891415 seconds (0d 0h 0m 7s)

---------------  T H R E A D  ---------------

Current thread (0x000001fca1c8dd00):  VMThread "VM Thread" [stack: 0x000000a1f2a00000,0x000000a1f2b00000] [id=1076]

Stack: [0x000000a1f2a00000,0x000000a1f2b00000]
Native frames: (J=compiled Java code, j=interpreted, Vv=VM code, C=native code)
V  [jvm.dll+0x67741a]
V  [jvm.dll+0x834434]
V  [jvm.dll+0x835bde]
V  [jvm.dll+0x836243]
V  [jvm.dll+0x2457b5]
V  [jvm.dll+0x674329]
V  [jvm.dll+0x6689da]
V  [jvm.dll+0x30489b]
V  [jvm.dll+0x30bd96]
V  [jvm.dll+0x35b57e]
V  [jvm.dll+0x35b7af]
V  [jvm.dll+0x2db778]
V  [jvm.dll+0x2d9a2c]
V  [jvm.dll+0x2d8ffc]
V  [jvm.dll+0x31cdcb]
V  [jvm.dll+0x83a6eb]
V  [jvm.dll+0x83b424]
V  [jvm.dll+0x83b93c]
V  [jvm.dll+0x83bd14]
V  [jvm.dll+0x83bde0]
V  [jvm.dll+0x7e483a]
V  [jvm.dll+0x6762c5]
C  [ucrtbase.dll+0x29363]
C  [KERNEL32.DLL+0x126bd]
C  [ntdll.dll+0x5a9f8]

VM_Operation (0x000000a1f48fa5a0): G1CollectForAllocation, mode: safepoint, requested by thread 0x000001fca4136720


---------------  P R O C E S S  ---------------

Threads class SMR info:
_java_thread_list=0x000001fca5032330, length=29, elements={
0x000001fc91939ac0, 0x000001fca1c8e220, 0x000001fca28552c0, 0x000001fca286b080,
0x000001fca287e6d0, 0x000001fca287ef90, 0x000001fca287f850, 0x000001fca28848e0,
0x000001fca28901a0, 0x000001fca1c45b80, 0x000001fca1c46580, 0x000001fca295ec40,
0x000001fca2a53020, 0x000001fca3073b10, 0x000001fca30590e0, 0x000001fca30163f0,
0x000001fca3056450, 0x000001fca3060a60, 0x000001fca31ab4f0, 0x000001fca31f94b0,
0x000001fca41370c0, 0x000001fca4136720, 0x000001fca424a450, 0x000001fca4135d80,
0x000001fca4136250, 0x000001fca41358b0, 0x000001fca4136bf0, 0x000001fca6cb4450,
0x000001fca6cb4920
}

Java Threads: ( => current thread )
  0x000001fc91939ac0 JavaThread "main" [_thread_blocked, id=19220, stack(0x000000a1f2400000,0x000000a1f2500000)]
  0x000001fca1c8e220 JavaThread "Reference Handler" daemon [_thread_blocked, id=4336, stack(0x000000a1f2b00000,0x000000a1f2c00000)]
  0x000001fca28552c0 JavaThread "Finalizer" daemon [_thread_blocked, id=12920, stack(0x000000a1f2c00000,0x000000a1f2d00000)]
  0x000001fca286b080 JavaThread "Signal Dispatcher" daemon [_thread_blocked, id=4976, stack(0x000000a1f2d00000,0x000000a1f2e00000)]
  0x000001fca287e6d0 JavaThread "Attach Listener" daemon [_thread_blocked, id=4936, stack(0x000000a1f2e00000,0x000000a1f2f00000)]
  0x000001fca287ef90 JavaThread "Service Thread" daemon [_thread_blocked, id=11708, stack(0x000000a1f2f00000,0x000000a1f3000000)]
  0x000001fca287f850 JavaThread "Monitor Deflation Thread" daemon [_thread_blocked, id=16656, stack(0x000000a1f3000000,0x000000a1f3100000)]
  0x000001fca28848e0 JavaThread "C1 CompilerThread0" daemon [_thread_blocked, id=6036, stack(0x000000a1f3100000,0x000000a1f3200000)]
  0x000001fca28901a0 JavaThread "Sweeper thread" daemon [_thread_blocked, id=16516, stack(0x000000a1f3200000,0x000000a1f3300000)]
  0x000001fca1c45b80 JavaThread "Common-Cleaner" daemon [_thread_blocked, id=6520, stack(0x000000a1f3300000,0x000000a1f3400000)]
  0x000001fca1c46580 JavaThread "C1 CompilerThread1" daemon [_thread_blocked, id=7100, stack(0x000000a1f3400000,0x000000a1f3500000)]
  0x000001fca295ec40 JavaThread "C1 CompilerThread2" daemon [_thread_blocked, id=16492, stack(0x000000a1f3500000,0x000000a1f3600000)]
  0x000001fca2a53020 JavaThread "Notification Thread" daemon [_thread_blocked, id=18976, stack(0x000000a1f3600000,0x000000a1f3700000)]
  0x000001fca3073b10 JavaThread "RMI TCP Accept-0" daemon [_thread_in_native, id=15556, stack(0x000000a1f3700000,0x000000a1f3800000)]
  0x000001fca30590e0 JavaThread "RMI TCP Accept-59152" daemon [_thread_in_native, id=7728, stack(0x000000a1f3800000,0x000000a1f3900000)]
  0x000001fca30163f0 JavaThread "RMI TCP Accept-0" daemon [_thread_in_native, id=19012, stack(0x000000a1f3900000,0x000000a1f3a00000)]
  0x000001fca3056450 JavaThread "RMI TCP Connection(1)-127.0.0.1" daemon [_thread_in_native, id=16480, stack(0x000000a1f3b00000,0x000000a1f3c00000)]
  0x000001fca3060a60 JavaThread "RMI Scheduler(0)" daemon [_thread_blocked, id=17188, stack(0x000000a1f3c00000,0x000000a1f3d00000)]
  0x000001fca31ab4f0 JavaThread "RMI TCP Connection(2)-127.0.0.1" daemon [_thread_in_native, id=7172, stack(0x000000a1f3d00000,0x000000a1f3e00000)]
  0x000001fca31f94b0 JavaThread "JMX server connection timeout 22" daemon [_thread_blocked, id=15952, stack(0x000000a1f3e00000,0x000000a1f3f00000)]
  0x000001fca41370c0 JavaThread "Thread-0" [_thread_blocked, id=15936, stack(0x000000a1f4700000,0x000000a1f4800000)]
  0x000001fca4136720 JavaThread "restartedMain" [_thread_blocked, id=3972, stack(0x000000a1f4800000,0x000000a1f4900000)]
  0x000001fca424a450 JavaThread "C1 CompilerThread3" daemon [_thread_blocked, id=1216, stack(0x000000a1f4900000,0x000000a1f4a00000)]
  0x000001fca4135d80 JavaThread "mysql-cj-abandoned-connection-cleanup" daemon [_thread_blocked, id=14900, stack(0x000000a1f4a00000,0x000000a1f4b00000)]
  0x000001fca4136250 JavaThread "HikariPool-1 housekeeper" daemon [_thread_blocked, id=13244, stack(0x000000a1f4d00000,0x000000a1f4e00000)]
  0x000001fca41358b0 JavaThread "HikariPool-1 connection adder" daemon [_thread_blocked, id=5708, stack(0x000000a1f4e00000,0x000000a1f4f00000)]
  0x000001fca4136bf0 JavaThread "Catalina-utility-1" [_thread_blocked, id=15956, stack(0x000000a1f4f00000,0x000000a1f5000000)]
  0x000001fca6cb4450 JavaThread "Catalina-utility-2" [_thread_blocked, id=11284, stack(0x000000a1f5000000,0x000000a1f5100000)]
  0x000001fca6cb4920 JavaThread "container-0" [_thread_blocked, id=4208, stack(0x000000a1f5100000,0x000000a1f5200000)]

Other Threads:
=>0x000001fca1c8dd00 VMThread "VM Thread" [stack: 0x000000a1f2a00000,0x000000a1f2b00000] [id=1076]
  0x000001fc919d3370 WatcherThread [stack: 0x000000a1f3a00000,0x000000a1f3b00000] [id=17688]
  0x000001fc91992ac0 GCTaskThread "GC Thread#0" [stack: 0x000000a1f2500000,0x000000a1f2600000] [id=10352]
  0x000001fca412e7d0 GCTaskThread "GC Thread#1" [stack: 0x000000a1f3f00000,0x000000a1f4000000] [id=16604]
  0x000001fca412ea80 GCTaskThread "GC Thread#2" [stack: 0x000000a1f4000000,0x000000a1f4100000] [id=5360]
  0x000001fca412ed30 GCTaskThread "GC Thread#3" [stack: 0x000000a1f4100000,0x000000a1f4200000] [id=11524]
  0x000001fca4160580 GCTaskThread "GC Thread#4" [stack: 0x000000a1f4200000,0x000000a1f4300000] [id=16576]
  0x000001fca4160830 GCTaskThread "GC Thread#5" [stack: 0x000000a1f4300000,0x000000a1f4400000] [id=14608]
  0x000001fca4162af0 GCTaskThread "GC Thread#6" [stack: 0x000000a1f4400000,0x000000a1f4500000] [id=3264]
  0x000001fca4163350 GCTaskThread "GC Thread#7" [stack: 0x000000a1f4500000,0x000000a1f4600000] [id=3584]
  0x000001fc919bd1b0 ConcurrentGCThread "G1 Main Marker" [stack: 0x000000a1f2600000,0x000000a1f2700000] [id=15504]
  0x000001fc919bdbc0 ConcurrentGCThread "G1 Conc#0" [stack: 0x000000a1f2700000,0x000000a1f2800000] [id=17868]
  0x000001fca4163b60 ConcurrentGCThread "G1 Conc#1" [stack: 0x000000a1f4b00000,0x000000a1f4c00000] [id=15964]
  0x000001fc919eebf0 ConcurrentGCThread "G1 Refine#0" [stack: 0x000000a1f2800000,0x000000a1f2900000] [id=11336]
  0x000001fca4143890 ConcurrentGCThread "G1 Refine#1" [stack: 0x000000a1f4600000,0x000000a1f4700000] [id=16460]
  0x000001fca1b12660 ConcurrentGCThread "G1 Service" [stack: 0x000000a1f2900000,0x000000a1f2a00000] [id=15104]

Threads with active compile tasks:

VM state: at safepoint (normal execution)

VM Mutex/Monitor currently owned by a thread:  ([mutex/lock_event])
[0x000001fc8f7db170] Threads_lock - owner thread: 0x000001fca1c8dd00
[0x000001fc8f7dcd00] Heap_lock - owner thread: 0x000001fca4136720

Heap address: 0x0000000741c00000, size: 3044 MB, Compressed Oops mode: Zero based, Oop shift amount: 3

CDS archive(s) not mapped
Compressed class space mapped at: 0x0000000800000000-0x0000000840000000, reserved size: 1073741824
Narrow klass base: 0x0000000800000000, Narrow klass shift: 0, Narrow klass range: 0x40000000

GC Precious Log:
 CPUs: 8 total, 8 available
 Memory: 12168M
 Large Page Support: Disabled
 NUMA Support: Disabled
 Compressed Oops: Enabled (Zero based)
 Heap Region Size: 2M
 Heap Min Capacity: 8M
 Heap Initial Capacity: 192M
 Heap Max Capacity: 3044M
 Pre-touch: Disabled
 Parallel Workers: 8
 Concurrent Workers: 2
 Concurrent Refinement Workers: 8
 Periodic GC: Disabled

Heap:
 garbage-first heap   total 69632K, used 25501K [0x0000000741c00000, 0x0000000800000000)
  region size 2048K, 1 young (2048K), 1 survivors (2048K)
 Metaspace       used 66962K, committed 67520K, reserved 1114112K
  class space    used 9064K, committed 9344K, reserved 1048576K

Heap Regions: E=young(eden), S=young(survivor), O=old, HS=humongous(starts), HC=humongous(continues), CS=collection set, F=free, OA=open archive, CA=closed archive, TAMS=top-at-mark-start (previous, next)
|   0|0x0000000741c00000, 0x0000000741e00000, 0x0000000741e00000|100%| O|  |TAMS 0x0000000741e00000, 0x0000000741c00000| Untracked 
|   1|0x0000000741e00000, 0x0000000742000000, 0x0000000742000000|100%| O|  |TAMS 0x0000000742000000, 0x0000000741e00000| Untracked 
|   2|0x0000000742000000, 0x0000000742200000, 0x0000000742200000|100%| O|  |TAMS 0x0000000742200000, 0x0000000742000000| Untracked 
|   3|0x0000000742200000, 0x0000000742400000, 0x0000000742400000|100%| O|  |TAMS 0x0000000742400000, 0x0000000742200000| Untracked 
|   4|0x0000000742400000, 0x0000000742600000, 0x0000000742600000|100%| O|  |TAMS 0x0000000742600000, 0x0000000742400000| Untracked 
|   5|0x0000000742600000, 0x0000000742800000, 0x0000000742800000|100%| O|  |TAMS 0x0000000742800000, 0x0000000742600000| Untracked 
|   6|0x0000000742800000, 0x0000000742800000, 0x0000000742a00000|  0%| F|  |TAMS 0x0000000742800000, 0x0000000742800000| Untracked 
|   7|0x0000000742a00000, 0x0000000742c00000, 0x0000000742c00000|100%| O|  |TAMS 0x0000000742a00000, 0x0000000742a00000| Untracked 
|   8|0x0000000742c00000, 0x0000000742e00000, 0x0000000742e00000|100%| O|  |TAMS 0x0000000742e00000, 0x0000000742c00000| Untracked 
|   9|0x0000000742e00000, 0x0000000743000000, 0x0000000743000000|100%| O|  |TAMS 0x0000000743000000, 0x0000000742e00000| Untracked 
|  10|0x0000000743000000, 0x0000000743200000, 0x0000000743200000|100%| O|  |TAMS 0x00000007431bfa00, 0x0000000743000000| Untracked 
|  11|0x0000000743200000, 0x0000000743400000, 0x0000000743400000|100%| O|  |TAMS 0x0000000743200000, 0x0000000743200000| Untracked 
|  12|0x0000000743400000, 0x0000000743600000, 0x0000000743600000|100%| O|  |TAMS 0x0000000743400000, 0x0000000743400000| Untracked 
|  13|0x0000000743600000, 0x000000074365dc00, 0x0000000743800000| 18%| O|  |TAMS 0x0000000743600000, 0x0000000743600000| Untracked 
|  14|0x0000000743800000, 0x0000000743800000, 0x0000000743a00000|  0%| F|  |TAMS 0x0000000743800000, 0x0000000743800000| Untracked 
|  15|0x0000000743a00000, 0x0000000743a00000, 0x0000000743c00000|  0%| F|  |TAMS 0x0000000743a00000, 0x0000000743a00000| Untracked 
|  16|0x0000000743c00000, 0x0000000743c00000, 0x0000000743e00000|  0%| F|  |TAMS 0x0000000743c00000, 0x0000000743c00000| Untracked 
|  17|0x0000000743e00000, 0x0000000743e00000, 0x0000000744000000|  0%| F|  |TAMS 0x0000000743e00000, 0x0000000743e00000| Untracked 
|  18|0x0000000744000000, 0x0000000744000000, 0x0000000744200000|  0%| F|  |TAMS 0x0000000744000000, 0x0000000744000000| Untracked 
|  19|0x0000000744200000, 0x0000000744200000, 0x0000000744400000|  0%| F|  |TAMS 0x0000000744200000, 0x0000000744200000| Untracked 
|  20|0x0000000744400000, 0x0000000744400000, 0x0000000744600000|  0%| F|  |TAMS 0x0000000744400000, 0x0000000744400000| Untracked 
|  21|0x0000000744600000, 0x0000000744600000, 0x0000000744800000|  0%| F|  |TAMS 0x0000000744600000, 0x0000000744600000| Untracked 
|  22|0x0000000744800000, 0x0000000744800000, 0x0000000744a00000|  0%| F|  |TAMS 0x0000000744800000, 0x0000000744800000| Untracked 
|  23|0x0000000744a00000, 0x0000000744a00000, 0x0000000744c00000|  0%| F|  |TAMS 0x0000000744a00000, 0x0000000744a00000| Untracked 
|  24|0x0000000744c00000, 0x0000000744c00000, 0x0000000744e00000|  0%| F|  |TAMS 0x0000000744c00000, 0x0000000744c00000| Untracked 
|  25|0x0000000744e00000, 0x0000000744e00000, 0x0000000745000000|  0%| F|  |TAMS 0x0000000744e00000, 0x0000000744e00000| Untracked 
|  26|0x0000000745000000, 0x0000000745000000, 0x0000000745200000|  0%| F|  |TAMS 0x0000000745000000, 0x0000000745000000| Untracked 
|  27|0x0000000745200000, 0x0000000745200000, 0x0000000745400000|  0%| F|  |TAMS 0x0000000745200000, 0x0000000745200000| Untracked 
|  28|0x0000000745400000, 0x0000000745400000, 0x0000000745600000|  0%| F|  |TAMS 0x0000000745400000, 0x0000000745400000| Untracked 
|  29|0x0000000745600000, 0x0000000745600000, 0x0000000745800000|  0%| F|  |TAMS 0x0000000745600000, 0x0000000745600000| Untracked 
|  30|0x0000000745800000, 0x0000000745800000, 0x0000000745a00000|  0%| F|  |TAMS 0x0000000745800000, 0x0000000745800000| Untracked 
|  31|0x0000000745a00000, 0x0000000745a00000, 0x0000000745c00000|  0%| F|  |TAMS 0x0000000745a00000, 0x0000000745a00000| Untracked 
|  87|0x000000074ca00000, 0x000000074ca89b40, 0x000000074cc00000| 26%| S|CS|TAMS 0x000000074ca00000, 0x000000074ca00000| Complete 
|  95|0x000000074da00000, 0x000000074da00000, 0x000000074dc00000|  0%| F|  |TAMS 0x000000074da00000, 0x000000074da00000| Untracked 

Card table byte_map: [0x000001fc986f0000,0x000001fc98cf0000] _byte_map_base: 0x000001fc94ce2000

Marking Bits (Prev, Next): (CMBitMap*) 0x000001fc91993110, (CMBitMap*) 0x000001fc919930d0
 Prev Bits: [0x000001fc9c280000, 0x000001fc9f210000)
 Next Bits: [0x000001fc992f0000, 0x000001fc9c280000)

Polling page: 0x000001fc8f8c0000

Metaspace:

Usage:
  Non-class:     56.54 MB used.
      Class:      8.85 MB used.
       Both:     65.39 MB used.

Virtual space:
  Non-class space:       64.00 MB reserved,      56.81 MB ( 89%) committed,  8 nodes.
      Class space:        1.00 GB reserved,       9.12 MB ( <1%) committed,  1 nodes.
             Both:        1.06 GB reserved,      65.94 MB (  6%) committed. 

Chunk freelists:
   Non-Class:  2.38 MB
       Class:  2.92 MB
        Both:  5.30 MB

MaxMetaspaceSize: unlimited
CompressedClassSpaceSize: 1.00 GB
Initial GC threshold: 21.00 MB
Current GC threshold: 99.38 MB
CDS: off
MetaspaceReclaimPolicy: balanced
 - commit_granule_bytes: 65536.
 - commit_granule_words: 8192.
 - virtual_space_node_default_size: 1048576.
 - enlarge_chunks_in_place: 1.
 - new_chunks_are_fully_committed: 0.
 - uncommit_free_chunks: 1.
 - use_allocation_guard: 0.
 - handle_deallocations: 1.


Internal statistics:

num_allocs_failed_limit: 9.
num_arena_births: 672.
num_arena_deaths: 0.
num_vsnodes_births: 9.
num_vsnodes_deaths: 0.
num_space_committed: 1055.
num_space_uncommitted: 0.
num_chunks_returned_to_freelist: 9.
num_chunks_taken_from_freelist: 2660.
num_chunk_merges: 9.
num_chunk_splits: 1926.
num_chunks_enlarged: 1497.
num_purges: 0.
num_inconsistent_stats: 0.

CodeCache: size=49152Kb used=10856Kb max_used=10856Kb free=38295Kb
 bounds [0x000001fc94fe0000, 0x000001fc95a80000, 0x000001fc97fe0000]
 total_blobs=5692 nmethods=5022 adapters=593
 compilation: enabled
              stopped_count=0, restarted_count=0
 full_count=0

Compilation events (20 events):
Event: 7.629 Thread 0x000001fca424a450 5013       1       org.springframework.core.convert.TypeDescriptor::getResolvableType (5 bytes)
Event: 7.629 Thread 0x000001fca424a450 nmethod 5013 0x000001fc95a76d90 code [0x000001fc95a76f20, 0x000001fc95a76ff8]
Event: 7.657 Thread 0x000001fca424a450 5014       1       org.springframework.core.ResolvableType::forMethodParameter (9 bytes)
Event: 7.657 Thread 0x000001fca295ec40 5015       1       org.springframework.core.ResolvableType::forMethodParameter (17 bytes)
Event: 7.657 Thread 0x000001fca295ec40 nmethod 5015 0x000001fc95a77090 code [0x000001fc95a77240, 0x000001fc95a773b8]
Event: 7.657 Thread 0x000001fca424a450 nmethod 5014 0x000001fc95a77510 code [0x000001fc95a776c0, 0x000001fc95a77838]
Event: 7.658 Thread 0x000001fca28848e0 5016       1       org.springframework.core.convert.TypeDescriptor::isArray (8 bytes)
Event: 7.658 Thread 0x000001fca28848e0 nmethod 5016 0x000001fc95a77990 code [0x000001fc95a77b20, 0x000001fc95a77c08]
Event: 7.673 Thread 0x000001fca28848e0 5017       1       org.springframework.core.MethodClassKey::equals (58 bytes)
Event: 7.673 Thread 0x000001fca28848e0 nmethod 5017 0x000001fc95a77d10 code [0x000001fc95a77ec0, 0x000001fc95a78118]
Event: 7.673 Thread 0x000001fca28848e0 5018       1       org.springframework.core.convert.support.GenericConversionService::getConverter (106 bytes)
Event: 7.673 Thread 0x000001fca424a450 5019       1       org.springframework.core.convert.support.GenericConversionService$ConverterCacheKey::<init> (15 bytes)
Event: 7.673 Thread 0x000001fca424a450 nmethod 5019 0x000001fc95a78210 code [0x000001fc95a783a0, 0x000001fc95a78518]
Event: 7.674 Thread 0x000001fca28848e0 nmethod 5018 0x000001fc95a78590 code [0x000001fc95a78780, 0x000001fc95a78bc8]
Event: 7.676 Thread 0x000001fca28848e0 5020       1       org.springframework.core.convert.support.GenericConversionService::getRequiredTypeInfo (57 bytes)
Event: 7.676 Thread 0x000001fca28848e0 nmethod 5020 0x000001fc95a78d90 code [0x000001fc95a78f60, 0x000001fc95a791c8]
Event: 7.723 Thread 0x000001fca424a450 5021       1       sun.rmi.runtime.Log$LoggerLog::isLoggable (9 bytes)
Event: 7.723 Thread 0x000001fca424a450 nmethod 5021 0x000001fc95a79990 code [0x000001fc95a79b20, 0x000001fc95a79c38]
Event: 7.724 Thread 0x000001fca295ec40 5022       1       java.io.ObjectInputStream$PeekInputStream::peek (49 bytes)
Event: 7.724 Thread 0x000001fca295ec40 nmethod 5022 0x000001fc95a79d10 code [0x000001fc95a79ec0, 0x000001fc95a7a028]

GC Heap History (20 events):
Event: 3.462 GC heap after
{Heap after GC invocations=8 (full 0):
 garbage-first heap   total 49152K, used 13531K [0x0000000741c00000, 0x0000000800000000)
  region size 2048K, 2 young (4096K), 2 survivors (4096K)
 Metaspace       used 30513K, committed 30784K, reserved 1081344K
  class space    used 3785K, committed 3904K, reserved 1048576K
}
Event: 3.914 GC heap before
{Heap before GC invocations=8 (full 0):
 garbage-first heap   total 49152K, used 31963K [0x0000000741c00000, 0x0000000800000000)
  region size 2048K, 11 young (22528K), 2 survivors (4096K)
 Metaspace       used 32805K, committed 33152K, reserved 1081344K
  class space    used 4128K, committed 4288K, reserved 1048576K
}
Event: 3.918 GC heap after
{Heap after GC invocations=9 (full 0):
 garbage-first heap   total 49152K, used 14468K [0x0000000741c00000, 0x0000000800000000)
  region size 2048K, 2 young (4096K), 2 survivors (4096K)
 Metaspace       used 32805K, committed 33152K, reserved 1081344K
  class space    used 4128K, committed 4288K, reserved 1048576K
}
Event: 4.420 GC heap before
{Heap before GC invocations=9 (full 0):
 garbage-first heap   total 49152K, used 32900K [0x0000000741c00000, 0x0000000800000000)
  region size 2048K, 11 young (22528K), 2 survivors (4096K)
 Metaspace       used 35334K, committed 35776K, reserved 1081344K
  class space    used 4522K, committed 4736K, reserved 1048576K
}
Event: 4.437 GC heap after
{Heap after GC invocations=10 (full 0):
 garbage-first heap   total 49152K, used 16180K [0x0000000741c00000, 0x0000000800000000)
  region size 2048K, 2 young (4096K), 2 survivors (4096K)
 Metaspace       used 35334K, committed 35776K, reserved 1081344K
  class space    used 4522K, committed 4736K, reserved 1048576K
}
Event: 4.494 GC heap before
{Heap before GC invocations=10 (full 0):
 garbage-first heap   total 49152K, used 18228K [0x0000000741c00000, 0x0000000800000000)
  region size 2048K, 4 young (8192K), 2 survivors (4096K)
 Metaspace       used 35777K, committed 36160K, reserved 1081344K
  class space    used 4600K, committed 4800K, reserved 1048576K
}
Event: 4.504 GC heap after
{Heap after GC invocations=11 (full 0):
 garbage-first heap   total 81920K, used 16482K [0x0000000741c00000, 0x0000000800000000)
  region size 2048K, 1 young (2048K), 1 survivors (2048K)
 Metaspace       used 35777K, committed 36160K, reserved 1081344K
  class space    used 4600K, committed 4800K, reserved 1048576K
}
Event: 5.688 GC heap before
{Heap before GC invocations=12 (full 0):
 garbage-first heap   total 69632K, used 55394K [0x0000000741c00000, 0x0000000800000000)
  region size 2048K, 20 young (40960K), 1 survivors (2048K)
 Metaspace       used 45749K, committed 46144K, reserved 1089536K
  class space    used 5831K, committed 6016K, reserved 1048576K
}
Event: 5.694 GC heap after
{Heap after GC invocations=13 (full 0):
 garbage-first heap   total 69632K, used 20565K [0x0000000741c00000, 0x0000000800000000)
  region size 2048K, 3 young (6144K), 3 survivors (6144K)
 Metaspace       used 45749K, committed 46144K, reserved 1089536K
  class space    used 5831K, committed 6016K, reserved 1048576K
}
Event: 5.733 GC heap before
{Heap before GC invocations=13 (full 0):
 garbage-first heap   total 69632K, used 22613K [0x0000000741c00000, 0x0000000800000000)
  region size 2048K, 4 young (8192K), 3 survivors (6144K)
 Metaspace       used 46067K, committed 46528K, reserved 1089536K
  class space    used 5872K, committed 6080K, reserved 1048576K
}
Event: 5.753 GC heap after
{Heap after GC invocations=14 (full 0):
 garbage-first heap   total 69632K, used 21200K [0x0000000741c00000, 0x0000000800000000)
  region size 2048K, 1 young (2048K), 1 survivors (2048K)
 Metaspace       used 46067K, committed 46528K, reserved 1089536K
  class space    used 5872K, committed 6080K, reserved 1048576K
}
Event: 6.445 GC heap before
{Heap before GC invocations=14 (full 0):
 garbage-first heap   total 69632K, used 47824K [0x0000000741c00000, 0x0000000800000000)
  region size 2048K, 15 young (30720K), 1 survivors (2048K)
 Metaspace       used 51135K, committed 51584K, reserved 1097728K
  class space    used 6601K, committed 6848K, reserved 1048576K
}
Event: 6.458 GC heap after
{Heap after GC invocations=15 (full 0):
 garbage-first heap   total 69632K, used 22223K [0x0000000741c00000, 0x0000000800000000)
  region size 2048K, 1 young (2048K), 1 survivors (2048K)
 Metaspace       used 51135K, committed 51584K, reserved 1097728K
  class space    used 6601K, committed 6848K, reserved 1048576K
}
Event: 7.067 GC heap before
{Heap before GC invocations=15 (full 0):
 garbage-first heap   total 69632K, used 50895K [0x0000000741c00000, 0x0000000800000000)
  region size 2048K, 15 young (30720K), 1 survivors (2048K)
 Metaspace       used 58164K, committed 58688K, reserved 1105920K
  class space    used 7649K, committed 7936K, reserved 1048576K
}
Event: 7.072 GC heap after
{Heap after GC invocations=16 (full 0):
 garbage-first heap   total 69632K, used 23706K [0x0000000741c00000, 0x0000000800000000)
  region size 2048K, 2 young (4096K), 2 survivors (4096K)
 Metaspace       used 58164K, committed 58688K, reserved 1105920K
  class space    used 7649K, committed 7936K, reserved 1048576K
}
Event: 7.188 GC heap before
{Heap before GC invocations=16 (full 0):
 garbage-first heap   total 69632K, used 29850K [0x0000000741c00000, 0x0000000800000000)
  region size 2048K, 6 young (12288K), 2 survivors (4096K)
 Metaspace       used 60215K, committed 60736K, reserved 1105920K
  class space    used 8022K, committed 8256K, reserved 1048576K
}
Event: 7.205 GC heap after
{Heap after GC invocations=17 (full 0):
 garbage-first heap   total 69632K, used 23972K [0x0000000741c00000, 0x0000000800000000)
  region size 2048K, 1 young (2048K), 1 survivors (2048K)
 Metaspace       used 60215K, committed 60736K, reserved 1105920K
  class space    used 8022K, committed 8256K, reserved 1048576K
}
Event: 7.706 GC heap before
{Heap before GC invocations=18 (full 0):
 garbage-first heap   total 69632K, used 52644K [0x0000000741c00000, 0x0000000800000000)
  region size 2048K, 15 young (30720K), 1 survivors (2048K)
 Metaspace       used 66531K, committed 67136K, reserved 1114112K
  class space    used 9000K, committed 9280K, reserved 1048576K
}
Event: 7.723 GC heap after
{Heap after GC invocations=19 (full 0):
 garbage-first heap   total 69632K, used 25533K [0x0000000741c00000, 0x0000000800000000)
  region size 2048K, 2 young (4096K), 2 survivors (4096K)
 Metaspace       used 66531K, committed 67136K, reserved 1114112K
  class space    used 9000K, committed 9280K, reserved 1048576K
}
Event: 7.755 GC heap before
{Heap before GC invocations=19 (full 0):
 garbage-first heap   total 69632K, used 27581K [0x0000000741c00000, 0x0000000800000000)
  region size 2048K, 3 young (6144K), 2 survivors (4096K)
 Metaspace       used 66962K, committed 67520K, reserved 1114112K
  class space    used 9064K, committed 9344K, reserved 1048576K
}

Dll operation events (9 events):
Event: 0.009 Loaded shared library D:\Programas Desenvolvimento\sts-4.18.0.RELEASE\plugins\org.eclipse.justj.openjdk.hotspot.jre.full.win32.x86_64_17.0.6.v20230204-1729\jre\bin\java.dll
Event: 0.291 Loaded shared library D:\Programas Desenvolvimento\sts-4.18.0.RELEASE\plugins\org.eclipse.justj.openjdk.hotspot.jre.full.win32.x86_64_17.0.6.v20230204-1729\jre\bin\jimage.dll
Event: 0.309 Loaded shared library D:\Programas Desenvolvimento\sts-4.18.0.RELEASE\plugins\org.eclipse.justj.openjdk.hotspot.jre.full.win32.x86_64_17.0.6.v20230204-1729\jre\bin\net.dll
Event: 0.311 Loaded shared library D:\Programas Desenvolvimento\sts-4.18.0.RELEASE\plugins\org.eclipse.justj.openjdk.hotspot.jre.full.win32.x86_64_17.0.6.v20230204-1729\jre\bin\nio.dll
Event: 0.317 Loaded shared library D:\Programas Desenvolvimento\sts-4.18.0.RELEASE\plugins\org.eclipse.justj.openjdk.hotspot.jre.full.win32.x86_64_17.0.6.v20230204-1729\jre\bin\zip.dll
Event: 0.415 Loaded shared library D:\Programas Desenvolvimento\sts-4.18.0.RELEASE\plugins\org.eclipse.justj.openjdk.hotspot.jre.full.win32.x86_64_17.0.6.v20230204-1729\jre\bin\management.dll
Event: 0.459 Loaded shared library D:\Programas Desenvolvimento\sts-4.18.0.RELEASE\plugins\org.eclipse.justj.openjdk.hotspot.jre.full.win32.x86_64_17.0.6.v20230204-1729\jre\bin\management_ext.dll
Event: 2.124 Loaded shared library D:\Programas Desenvolvimento\sts-4.18.0.RELEASE\plugins\org.eclipse.justj.openjdk.hotspot.jre.full.win32.x86_64_17.0.6.v20230204-1729\jre\bin\verify.dll
Event: 4.990 Loaded shared library D:\Programas Desenvolvimento\sts-4.18.0.RELEASE\plugins\org.eclipse.justj.openjdk.hotspot.jre.full.win32.x86_64_17.0.6.v20230204-1729\jre\bin\sunmscapi.dll

Deoptimization events (4 events):
Event: 2.202 Thread 0x000001fca4136720 DEOPT PACKING pc=0x000001fc955b7279 sp=0x000000a1f48fca90
Event: 2.202 Thread 0x000001fca4136720 DEOPT UNPACKING pc=0x000001fc95037143 sp=0x000000a1f48fbf70 mode 3
Event: 5.319 Thread 0x000001fca4136720 DEOPT PACKING pc=0x000001fc95866125 sp=0x000000a1f48f8070
Event: 5.319 Thread 0x000001fca4136720 DEOPT UNPACKING pc=0x000001fc95037143 sp=0x000000a1f48f75d8 mode 3

Classes unloaded (0 events):
No events

Classes redefined (0 events):
No events

Internal exceptions (20 events):
Event: 5.862 Thread 0x000001fca4136720 Exception <a 'java/lang/NoSuchMethodError'{0x0000000745916780}: 'java.lang.Object java.lang.invoke.DirectMethodHandle$Holder.invokeVirtual(java.lang.Object, java.lang.Object, int)'> (0x0000000745916780) 
thrown [s\src\hotspot\share\interpreter\linkResolver.cpp, line 759]
Event: 6.006 Thread 0x000001fca4136720 Exception <a 'java/lang/NoSuchMethodError'{0x000000074526b980}: 'java.lang.Object java.lang.invoke.DirectMethodHandle$Holder.invokeSpecial(java.lang.Object, java.lang.Object, java.lang.Object, java.lang.Object, java.lang.Object, int, java.lang.Object)'> (0x000000074526b980) 
thrown [s\src\hotspot\share\interpreter\linkResolver.cpp, line 759]
Event: 6.079 Thread 0x000001fca4136720 Exception <a 'java/lang/NoSuchMethodError'{0x00000007450a3bd0}: 'java.lang.Object java.lang.invoke.DirectMethodHandle$Holder.newInvokeSpecial(java.lang.Object, java.lang.Object, int)'> (0x00000007450a3bd0) 
thrown [s\src\hotspot\share\interpreter\linkResolver.cpp, line 759]
Event: 6.193 Thread 0x000001fca31ab4f0 Exception <a 'java/lang/reflect/InvocationTargetException'{0x0000000744d26450}> (0x0000000744d26450) 
thrown [s\src\hotspot\share\runtime\reflection.cpp, line 1121]
Event: 6.699 Thread 0x000001fca31ab4f0 Exception <a 'java/lang/reflect/InvocationTargetException'{0x0000000745982980}> (0x0000000745982980) 
thrown [s\src\hotspot\share\runtime\reflection.cpp, line 1121]
Event: 6.867 Thread 0x000001fca4136720 Exception <a 'java/lang/NoSuchMethodError'{0x0000000744cbd9b0}: 'java.lang.Object java.lang.invoke.DirectMethodHandle$Holder.newInvokeSpecial(java.lang.Object, java.lang.Object, java.lang.Object, int)'> (0x0000000744cbd9b0) 
thrown [s\src\hotspot\share\interpreter\linkResolver.cpp, line 759]
Event: 6.868 Thread 0x000001fca4136720 Exception <a 'java/lang/NoSuchMethodError'{0x0000000744cc1c98}: 'java.lang.Object java.lang.invoke.DirectMethodHandle$Holder.invokeSpecial(java.lang.Object, java.lang.Object, java.lang.Object, java.lang.Object, int)'> (0x0000000744cc1c98) 
thrown [s\src\hotspot\share\interpreter\linkResolver.cpp, line 759]
Event: 6.868 Thread 0x000001fca4136720 Exception <a 'java/lang/NoSuchMethodError'{0x0000000744cc5860}: 'java.lang.Object java.lang.invoke.Invokers$Holder.linkToTargetMethod(java.lang.Object, java.lang.Object, int, java.lang.Object)'> (0x0000000744cc5860) 
thrown [s\src\hotspot\share\interpreter\linkResolver.cpp, line 759]
Event: 7.168 Thread 0x000001fca4136720 Exception <a 'java/lang/NoSuchMethodError'{0x0000000745a809b0}: 'java.lang.Object java.lang.invoke.DirectMethodHandle$Holder.invokeStatic(java.lang.Object, java.lang.Object, int, java.lang.Object)'> (0x0000000745a809b0) 
thrown [s\src\hotspot\share\interpreter\linkResolver.cpp, line 759]
Event: 7.168 Thread 0x000001fca4136720 Exception <a 'java/lang/NoSuchMethodError'{0x0000000745a84448}: 'java.lang.Object java.lang.invoke.DirectMethodHandle$Holder.invokeStaticInit(java.lang.Object, java.lang.Object, int, java.lang.Object)'> (0x0000000745a84448) 
thrown [s\src\hotspot\share\interpreter\linkResolver.cpp, line 759]
Event: 7.184 Thread 0x000001fca4136720 Exception <a 'java/lang/IncompatibleClassChangeError'{0x0000000745bbf638}: Found class java.lang.Object, but interface was expected> (0x0000000745bbf638) 
thrown [s\src\hotspot\share\interpreter\linkResolver.cpp, line 826]
Event: 7.207 Thread 0x000001fca31ab4f0 Exception <a 'java/lang/reflect/InvocationTargetException'{0x000000074da86988}> (0x000000074da86988) 
thrown [s\src\hotspot\share\runtime\reflection.cpp, line 1121]
Event: 7.516 Thread 0x000001fca4136720 Exception <a 'java/lang/NoSuchMethodError'{0x0000000744c056c8}: 'java.lang.Object java.lang.invoke.DirectMethodHandle$Holder.newInvokeSpecial(java.lang.Object, java.lang.Object, java.lang.Object, java.lang.Object, java.lang.Object, java.lang.Object, java.lang.Object)'> (0x0000000744c056c8) 
thrown [s\src\hotspot\share\interpreter\linkResolver.cpp, line 759]
Event: 7.518 Thread 0x000001fca4136720 Exception <a 'java/lang/NoSuchMethodError'{0x0000000744c28280}: 'java.lang.Object java.lang.invoke.DirectMethodHandle$Holder.newInvokeSpecial(java.lang.Object, java.lang.Object, int, java.lang.Object, int, java.lang.Object, java.lang.Object, java.lang.Object)'> (0x0000000744c28280) 
thrown [s\src\hotspot\share\interpreter\linkResolver.cpp, line 759]
Event: 7.523 Thread 0x000001fca4136720 Exception <a 'java/lang/NoSuchMethodError'{0x0000000744c8a800}: 'java.lang.Object java.lang.invoke.DirectMethodHandle$Holder.newInvokeSpecial(java.lang.Object, java.lang.Object, java.lang.Object, java.lang.Object, java.lang.Object, java.lang.Object, java.lang.Object, int)'> (0x0000000744c8a800) 
thrown [s\src\hotspot\share\interpreter\linkResolver.cpp, line 759]
Event: 7.523 Thread 0x000001fca4136720 Exception <a 'java/lang/NoSuchMethodError'{0x0000000744c8f7f8}: 'java.lang.Object java.lang.invoke.DirectMethodHandle$Holder.invokeSpecial(java.lang.Object, java.lang.Object, java.lang.Object, java.lang.Object, java.lang.Object, java.lang.Object, java.lang.Object, java.lang.Object, int)'> (0x0000000744c8f7f8) 
thrown [s\src\hotspot\share\interpreter\linkResolver.cpp, line 759]
Event: 7.541 Thread 0x000001fca4136720 Exception <a 'java/lang/NoSuchMethodError'{0x0000000744dccf50}: 'void java.lang.invoke.DirectMethodHandle$Holder.invokeInterface(java.lang.Object, java.lang.Object)'> (0x0000000744dccf50) 
thrown [s\src\hotspot\share\interpreter\linkResolver.cpp, line 759]
Event: 7.661 Thread 0x000001fca4136720 Exception <a 'java/lang/IncompatibleClassChangeError'{0x000000074446a490}: Found class java.lang.Object, but interface was expected> (0x000000074446a490) 
thrown [s\src\hotspot\share\interpreter\linkResolver.cpp, line 826]
Event: 7.679 Thread 0x000001fca4136720 Exception <a 'java/lang/IncompatibleClassChangeError'{0x00000007445e48e0}: Found class java.lang.Object, but interface was expected> (0x00000007445e48e0) 
thrown [s\src\hotspot\share\interpreter\linkResolver.cpp, line 826]
Event: 7.724 Thread 0x000001fca31ab4f0 Exception <a 'java/lang/reflect/InvocationTargetException'{0x000000074da10720}> (0x000000074da10720) 
thrown [s\src\hotspot\share\runtime\reflection.cpp, line 1121]

VM Operations (20 events):
Event: 5.723 Executing VM operation: HandshakeAllThreads done
Event: 5.733 Executing VM operation: G1CollectForAllocation
Event: 5.753 Executing VM operation: G1CollectForAllocation done
Event: 5.817 Executing VM operation: HandshakeAllThreads
Event: 5.817 Executing VM operation: HandshakeAllThreads done
Event: 6.443 Executing VM operation: G1CollectForAllocation
Event: 6.458 Executing VM operation: G1CollectForAllocation done
Event: 7.067 Executing VM operation: G1CollectForAllocation
Event: 7.073 Executing VM operation: G1CollectForAllocation done
Event: 7.188 Executing VM operation: CollectForMetadataAllocation
Event: 7.205 Executing VM operation: CollectForMetadataAllocation done
Event: 7.229 Executing VM operation: G1Concurrent
Event: 7.233 Executing VM operation: G1Concurrent done
Event: 7.251 Executing VM operation: G1Concurrent
Event: 7.258 Executing VM operation: G1Concurrent done
Event: 7.434 Executing VM operation: HandshakeAllThreads
Event: 7.434 Executing VM operation: HandshakeAllThreads done
Event: 7.706 Executing VM operation: G1CollectForAllocation
Event: 7.723 Executing VM operation: G1CollectForAllocation done
Event: 7.755 Executing VM operation: G1CollectForAllocation

Events (20 events):
Event: 7.003 loading class java/util/concurrent/CompletableFuture
Event: 7.004 loading class java/util/concurrent/CompletableFuture done
Event: 7.004 loading class java/util/concurrent/CompletableFuture$AltResult
Event: 7.004 loading class java/util/concurrent/CompletableFuture$AltResult done
Event: 7.004 loading class java/util/concurrent/CompletableFuture$Completion
Event: 7.004 loading class java/util/concurrent/CompletableFuture$AsynchronousCompletionTask
Event: 7.004 loading class java/util/concurrent/CompletableFuture$AsynchronousCompletionTask done
Event: 7.004 loading class java/util/concurrent/ForkJoinTask
Event: 7.005 loading class java/util/concurrent/ForkJoinTask done
Event: 7.005 loading class java/util/concurrent/CompletableFuture$Completion done
Event: 7.096 loading class java/util/concurrent/CancellationException
Event: 7.096 loading class java/util/concurrent/CancellationException done
Event: 7.477 loading class jdk/internal/reflect/UnsafeIntegerFieldAccessorImpl
Event: 7.477 loading class jdk/internal/reflect/UnsafeIntegerFieldAccessorImpl done
Event: 7.591 loading class javax/naming/Reference
Event: 7.591 loading class javax/naming/Reference done
Event: 7.633 loading class java/lang/SafeVarargs
Event: 7.633 loading class java/lang/SafeVarargs done
Event: 7.636 loading class sun/reflect/generics/reflectiveObjects/GenericArrayTypeImpl
Event: 7.636 loading class sun/reflect/generics/reflectiveObjects/GenericArrayTypeImpl done


Dynamic libraries:
0x00007ff75a350000 - 0x00007ff75a35e000 	D:\Programas Desenvolvimento\sts-4.18.0.RELEASE\plugins\org.eclipse.justj.openjdk.hotspot.jre.full.win32.x86_64_17.0.6.v20230204-1729\jre\bin\javaw.exe
0x00007ffbdf290000 - 0x00007ffbdf4a4000 	C:\Windows\SYSTEM32\ntdll.dll
0x00007ffbdd870000 - 0x00007ffbdd933000 	C:\Windows\System32\KERNEL32.DLL
0x00007ffbdc810000 - 0x00007ffbdcbac000 	C:\Windows\System32\KERNELBASE.dll
0x00007ffbdcbe0000 - 0x00007ffbdccf1000 	C:\Windows\System32\ucrtbase.dll
0x00007ffbc5400000 - 0x00007ffbc5419000 	D:\Programas Desenvolvimento\sts-4.18.0.RELEASE\plugins\org.eclipse.justj.openjdk.hotspot.jre.full.win32.x86_64_17.0.6.v20230204-1729\jre\bin\VCRUNTIME140.dll
0x00007ffbc50b0000 - 0x00007ffbc50c7000 	D:\Programas Desenvolvimento\sts-4.18.0.RELEASE\plugins\org.eclipse.justj.openjdk.hotspot.jre.full.win32.x86_64_17.0.6.v20230204-1729\jre\bin\jli.dll
0x00007ffbdd9a0000 - 0x00007ffbddb4d000 	C:\Windows\System32\USER32.dll
0x00007ffbdcbb0000 - 0x00007ffbdcbd6000 	C:\Windows\System32\win32u.dll
0x00007ffba8ef0000 - 0x00007ffba917e000 	C:\Windows\WinSxS\amd64_microsoft.windows.common-controls_6595b64144ccf1df_6.0.22621.608_none_a9444ca7c10bb01d\COMCTL32.dll
0x00007ffbdde60000 - 0x00007ffbdde89000 	C:\Windows\System32\GDI32.dll
0x00007ffbdd260000 - 0x00007ffbdd307000 	C:\Windows\System32\msvcrt.dll
0x00007ffbdcf80000 - 0x00007ffbdd093000 	C:\Windows\System32\gdi32full.dll
0x00007ffbdce70000 - 0x00007ffbdcf0a000 	C:\Windows\System32\msvcp_win.dll
0x00007ffbdef80000 - 0x00007ffbdefb1000 	C:\Windows\System32\IMM32.DLL
0x00007ffbc5810000 - 0x00007ffbc581c000 	D:\Programas Desenvolvimento\sts-4.18.0.RELEASE\plugins\org.eclipse.justj.openjdk.hotspot.jre.full.win32.x86_64_17.0.6.v20230204-1729\jre\bin\vcruntime140_1.dll
0x00007ffbc22e0000 - 0x00007ffbc2371000 	D:\Programas Desenvolvimento\sts-4.18.0.RELEASE\plugins\org.eclipse.justj.openjdk.hotspot.jre.full.win32.x86_64_17.0.6.v20230204-1729\jre\bin\msvcp140.dll
0x00007ffb7a600000 - 0x00007ffb7b247000 	D:\Programas Desenvolvimento\sts-4.18.0.RELEASE\plugins\org.eclipse.justj.openjdk.hotspot.jre.full.win32.x86_64_17.0.6.v20230204-1729\jre\bin\server\jvm.dll
0x00007ffbdeac0000 - 0x00007ffbdeb6e000 	C:\Windows\System32\ADVAPI32.dll
0x00007ffbde8f0000 - 0x00007ffbde994000 	C:\Windows\System32\sechost.dll
0x00007ffbde9a0000 - 0x00007ffbdeab5000 	C:\Windows\System32\RPCRT4.dll
0x00007ffbd6710000 - 0x00007ffbd671a000 	C:\Windows\SYSTEM32\VERSION.dll
0x00007ffbd93c0000 - 0x00007ffbd93c9000 	C:\Windows\SYSTEM32\WSOCK32.dll
0x00007ffbd5950000 - 0x00007ffbd5984000 	C:\Windows\SYSTEM32\WINMM.dll
0x00007ffbdf0b0000 - 0x00007ffbdf121000 	C:\Windows\System32\WS2_32.dll
0x00007ffbdb6e0000 - 0x00007ffbdb6f8000 	C:\Windows\SYSTEM32\kernel.appcore.dll
0x00007ffbca2e0000 - 0x00007ffbca2ea000 	D:\Programas Desenvolvimento\sts-4.18.0.RELEASE\plugins\org.eclipse.justj.openjdk.hotspot.jre.full.win32.x86_64_17.0.6.v20230204-1729\jre\bin\jimage.dll
0x00007ffbda070000 - 0x00007ffbda29e000 	C:\Windows\SYSTEM32\DBGHELP.DLL
0x00007ffbdeb80000 - 0x00007ffbdef09000 	C:\Windows\System32\combase.dll
0x00007ffbdd310000 - 0x00007ffbdd3e7000 	C:\Windows\System32\OLEAUT32.dll
0x00007ffbd6ca0000 - 0x00007ffbd6cd2000 	C:\Windows\SYSTEM32\dbgcore.DLL
0x00007ffbdc6d0000 - 0x00007ffbdc74b000 	C:\Windows\System32\bcryptPrimitives.dll
0x00007ffb9fc40000 - 0x00007ffb9fc65000 	D:\Programas Desenvolvimento\sts-4.18.0.RELEASE\plugins\org.eclipse.justj.openjdk.hotspot.jre.full.win32.x86_64_17.0.6.v20230204-1729\jre\bin\java.dll
0x00007ffbc5020000 - 0x00007ffbc5038000 	D:\Programas Desenvolvimento\sts-4.18.0.RELEASE\plugins\org.eclipse.justj.openjdk.hotspot.jre.full.win32.x86_64_17.0.6.v20230204-1729\jre\bin\zip.dll
0x00007ffbde080000 - 0x00007ffbde870000 	C:\Windows\System32\SHELL32.dll
0x00007ffbda690000 - 0x00007ffbdaf5e000 	C:\Windows\SYSTEM32\windows.storage.dll
0x00007ffbda550000 - 0x00007ffbda68e000 	C:\Windows\SYSTEM32\wintypes.dll
0x00007ffbddbc0000 - 0x00007ffbddcb1000 	C:\Windows\System32\SHCORE.dll
0x00007ffbddb60000 - 0x00007ffbddbbe000 	C:\Windows\System32\shlwapi.dll
0x00007ffbdc600000 - 0x00007ffbdc621000 	C:\Windows\SYSTEM32\profapi.dll
0x00007ffbbc640000 - 0x00007ffbbc659000 	D:\Programas Desenvolvimento\sts-4.18.0.RELEASE\plugins\org.eclipse.justj.openjdk.hotspot.jre.full.win32.x86_64_17.0.6.v20230204-1729\jre\bin\net.dll
0x00007ffbd3500000 - 0x00007ffbd362f000 	C:\Windows\SYSTEM32\WINHTTP.dll
0x00007ffbdbb50000 - 0x00007ffbdbbb9000 	C:\Windows\system32\mswsock.dll
0x00007ffbafef0000 - 0x00007ffbaff05000 	D:\Programas Desenvolvimento\sts-4.18.0.RELEASE\plugins\org.eclipse.justj.openjdk.hotspot.jre.full.win32.x86_64_17.0.6.v20230204-1729\jre\bin\nio.dll
0x00007ffbc5770000 - 0x00007ffbc5779000 	D:\Programas Desenvolvimento\sts-4.18.0.RELEASE\plugins\org.eclipse.justj.openjdk.hotspot.jre.full.win32.x86_64_17.0.6.v20230204-1729\jre\bin\management.dll
0x00007ffbc55f0000 - 0x00007ffbc55fb000 	D:\Programas Desenvolvimento\sts-4.18.0.RELEASE\plugins\org.eclipse.justj.openjdk.hotspot.jre.full.win32.x86_64_17.0.6.v20230204-1729\jre\bin\management_ext.dll
0x00007ffbdeb70000 - 0x00007ffbdeb78000 	C:\Windows\System32\PSAPI.DLL
0x00007ffbaed40000 - 0x00007ffbaed57000 	C:\Windows\system32\napinsp.dll
0x00007ffbaec90000 - 0x00007ffbaecab000 	C:\Windows\system32\pnrpnsp.dll
0x00007ffbdb270000 - 0x00007ffbdb363000 	C:\Windows\SYSTEM32\DNSAPI.dll
0x00007ffbdb1b0000 - 0x00007ffbdb1dd000 	C:\Windows\SYSTEM32\IPHLPAPI.DLL
0x00007ffbde070000 - 0x00007ffbde079000 	C:\Windows\System32\NSI.dll
0x00007ffbaec70000 - 0x00007ffbaec81000 	C:\Windows\System32\winrnr.dll
0x00007ffbd3360000 - 0x00007ffbd3375000 	C:\Windows\system32\wshbth.dll
0x00007ffbaec40000 - 0x00007ffbaec61000 	C:\Windows\system32\nlansp_c.dll
0x00007ffbd30e0000 - 0x00007ffbd30ea000 	C:\Windows\System32\rasadhlp.dll
0x00007ffbcd950000 - 0x00007ffbcd9d3000 	C:\Windows\System32\fwpuclnt.dll
0x00007ffbdbd90000 - 0x00007ffbdbdab000 	C:\Windows\SYSTEM32\CRYPTSP.dll
0x00007ffbdb650000 - 0x00007ffbdb685000 	C:\Windows\system32\rsaenh.dll
0x00007ffbdbc10000 - 0x00007ffbdbc38000 	C:\Windows\SYSTEM32\USERENV.dll
0x00007ffbdbfb0000 - 0x00007ffbdbfd8000 	C:\Windows\SYSTEM32\bcrypt.dll
0x00007ffbdbdb0000 - 0x00007ffbdbdbc000 	C:\Windows\SYSTEM32\CRYPTBASE.dll
0x00007ffbd3700000 - 0x00007ffbd3719000 	C:\Windows\SYSTEM32\dhcpcsvc6.DLL
0x00007ffbd3470000 - 0x00007ffbd348f000 	C:\Windows\SYSTEM32\dhcpcsvc.DLL
0x00007ffbc55a0000 - 0x00007ffbc55b0000 	D:\Programas Desenvolvimento\sts-4.18.0.RELEASE\plugins\org.eclipse.justj.openjdk.hotspot.jre.full.win32.x86_64_17.0.6.v20230204-1729\jre\bin\verify.dll
0x00007ffbd91a0000 - 0x00007ffbd91ae000 	D:\Programas Desenvolvimento\sts-4.18.0.RELEASE\plugins\org.eclipse.justj.openjdk.hotspot.jre.full.win32.x86_64_17.0.6.v20230204-1729\jre\bin\sunmscapi.dll
0x00007ffbdcd00000 - 0x00007ffbdce66000 	C:\Windows\System32\CRYPT32.dll
0x00007ffbdbf80000 - 0x00007ffbdbfad000 	C:\Windows\SYSTEM32\ncrypt.dll
0x00007ffbdbf40000 - 0x00007ffbdbf77000 	C:\Windows\SYSTEM32\NTASN1.dll

dbghelp: loaded successfully - version: 4.0.5 - missing functions: none
symbol engine: initialized successfully - sym options: 0x614 - pdb path: .;D:\Programas Desenvolvimento\sts-4.18.0.RELEASE\plugins\org.eclipse.justj.openjdk.hotspot.jre.full.win32.x86_64_17.0.6.v20230204-1729\jre\bin;C:\Windows\SYSTEM32;C:\Windows\WinSxS\amd64_microsoft.windows.common-controls_6595b64144ccf1df_6.0.22621.608_none_a9444ca7c10bb01d;D:\Programas Desenvolvimento\sts-4.18.0.RELEASE\plugins\org.eclipse.justj.openjdk.hotspot.jre.full.win32.x86_64_17.0.6.v20230204-1729\jre\bin\server

VM Arguments:
jvm_args: -Dcom.sun.management.jmxremote -Dcom.sun.management.jmxremote.port=59152 -Dcom.sun.management.jmxremote.authenticate=false -Dcom.sun.management.jmxremote.ssl=false -Djava.rmi.server.hostname=localhost -Dspring.jmx.enabled=true -Dmanagement.endpoints.jmx.exposure.include=* -Dspring.application.admin.enabled=true -XX:TieredStopAtLevel=1 -Dspring.boot.project.name=ms-person -Dfile.encoding=UTF-8 -XX:+ShowCodeDetailsInExceptionMessages 
java_command: mspessoas.MsPessoasApplication --spring.profiles.active=dev --spring.output.ansi.enabled=always --USER_DB=root --USER_AUTHENTIC_BASIC=msperson --PASSWORD_AUTHENTIC_BASIC=e1e96229eddcbe05f18939aa47c0fdcbec08863e --PORTA_DB=3306 --IP_DB=localhost --PASSWORD_DB=root
java_class_path (initial): C:\Users\tiago_1ctyr50\Documents\workspace-spring-tool-suite-4-4.17.0.RELEASE\ms-person\target\classes;C:\Users\tiago_1ctyr50\.m2\repository\org\springframework\boot\spring-boot-starter-data-jpa\3.0.5\spring-boot-starter-data-jpa-3.0.5.jar;C:\Users\tiago_1ctyr50\.m2\repository\org\springframework\boot\spring-boot-starter-aop\3.0.5\spring-boot-starter-aop-3.0.5.jar;C:\Users\tiago_1ctyr50\.m2\repository\org\aspectj\aspectjweaver\1.9.19\aspectjweaver-1.9.19.jar;C:\Users\tiago_1ctyr50\.m2\repository\org\springframework\boot\spring-boot-starter-jdbc\3.0.5\spring-boot-starter-jdbc-3.0.5.jar;C:\Users\tiago_1ctyr50\.m2\repository\com\zaxxer\HikariCP\5.0.1\HikariCP-5.0.1.jar;C:\Users\tiago_1ctyr50\.m2\repository\org\springframework\spring-jdbc\6.0.7\spring-jdbc-6.0.7.jar;C:\Users\tiago_1ctyr50\.m2\repository\org\hibernate\orm\hibernate-core\6.1.7.Final\hibernate-core-6.1.7.Final.jar;C:\Users\tiago_1ctyr50\.m2\repository\jakarta\persistence\jakarta.persistence-api\3.1.0\jakarta.persistence-api-3.1.0.jar;C:\Users\tiago_1ctyr50\.m2\repository\jakarta\transaction\jakarta.transaction-api\2.0.1\jakarta.transaction-api-2.0.1.jar;C:\Users\tiago_1ctyr50\.m2\repository\org\jboss\logging\jboss-logging\3.5.0.Final\jboss-logging-3.5.0.Final.jar;C:\Users\tiago_1ctyr50\.m2\repository\org\hibernate\common\hibernate-commons-annotations\6.0.6.Final\hibernate-commons-annotations-6.0.6.Final.jar;C:\Users\tiago_1ctyr50\.m2\repository\org\jboss\jandex\2.4.2.Final\jandex-2.4.2.Final.jar;C:\Users\tiago_1ctyr50\.m2\repository\com\fasterxml\classmate\1.5.1\classmate-1.5.1.jar;C:\Users\tiago_1ctyr50\.m2\repository\net\bytebuddy\byte-buddy\1.12.23\byte-buddy-1.12.23.jar;C:\Users\tiago_1ctyr50\.m2\repository\org\glassfish\jaxb\jaxb-runtime\4.0.2\jaxb-runtime-4.0.2.jar;C:\Users\tiago_1ctyr50\.m2\repository\org\glassfish\jaxb\jaxb-core\4.0.2\jaxb-core-4.0.2.jar;C:\Users\tiago_1ctyr50\.m2\repository\org\eclipse\angus\angus-activation\2.0.0\angus-activation-2.0.0.jar;C:\Users\ti
Launcher Type: SUN_STANDARD

[Global flags]
     intx CICompilerCount                          = 4                                         {product} {ergonomic}
     uint ConcGCThreads                            = 2                                         {product} {ergonomic}
     uint G1ConcRefinementThreads                  = 8                                         {product} {ergonomic}
   size_t G1HeapRegionSize                         = 2097152                                   {product} {ergonomic}
    uintx GCDrainStackTargetSize                   = 64                                        {product} {ergonomic}
   size_t InitialHeapSize                          = 201326592                                 {product} {ergonomic}
     bool ManagementServer                         = true                                      {product} {command line}
   size_t MarkStackSize                            = 4194304                                   {product} {ergonomic}
   size_t MaxHeapSize                              = 3191865344                                {product} {ergonomic}
   size_t MaxNewSize                               = 1914699776                                {product} {ergonomic}
   size_t MinHeapDeltaBytes                        = 2097152                                   {product} {ergonomic}
   size_t MinHeapSize                              = 8388608                                   {product} {ergonomic}
    uintx NonProfiledCodeHeapSize                  = 0                                      {pd product} {ergonomic}
     bool ProfileInterpreter                       = false                                  {pd product} {command line}
    uintx ProfiledCodeHeapSize                     = 0                                      {pd product} {ergonomic}
     bool ShowCodeDetailsInExceptionMessages       = true                                   {manageable} {command line}
   size_t SoftMaxHeapSize                          = 3191865344                             {manageable} {ergonomic}
     intx TieredStopAtLevel                        = 1                                         {product} {command line}
     bool UseCompressedClassPointers               = true                           {product lp64_product} {ergonomic}
     bool UseCompressedOops                        = true                           {product lp64_product} {ergonomic}
     bool UseG1GC                                  = true                                      {product} {ergonomic}
     bool UseLargePagesIndividualAllocation        = false                                  {pd product} {ergonomic}

Logging:
Log output configuration:
 #0: stdout all=warning uptime,level,tags
 #1: stderr all=off uptime,level,tags

Environment Variables:
JAVA_HOME=C:\Program Files\Java\jdk-11.0.16.1
PATH=D:/Programas Desenvolvimento/sts-4.18.0.RELEASE//plugins/org.eclipse.justj.openjdk.hotspot.jre.full.win32.x86_64_17.0.6.v20230204-1729/jre/bin/server;D:/Programas Desenvolvimento/sts-4.18.0.RELEASE//plugins/org.eclipse.justj.openjdk.hotspot.jre.full.win32.x86_64_17.0.6.v20230204-1729/jre/bin;C:\Program Files\Common Files\Oracle\Java\javapath;C:\Program Files (x86)\Embarcadero\Studio\21.0\bin;C:\Users\Public\Documents\Embarcadero\Studio\21.0\Bpl;C:\Program Files (x86)\Embarcadero\Studio\21.0\bin64;C:\Users\Public\Documents\Embarcadero\Studio\21.0\Bpl\Win64;C:\Windows\system32;C:\Windows;C:\Windows\System32\Wbem;C:\Windows\System32\WindowsPowerShell\v1.0\;C:\Windows\System32\OpenSSH\;C:\Program Files\Git\cmd;C:\Program Files\nodejs\;C:\Program Files\Java\jdk-11.0.16.1\bin;;C:\Program Files\PuTTY\;C:\Program Files\Docker\Docker\resources\bin;C:\Users\tiago_1ctyr50\AppData\Local\Microsoft\WindowsApps;C:\Users\tiago_1ctyr50\AppData\Roaming\npm;C:\Users\tiago_1ctyr50\AppData\Local\Programs\Microsoft VS Code\bin;D:\Programas Desenvolvimento\sts-4.18.0.RELEASE;
USERNAME=tiago_1ctyr50
OS=Windows_NT
PROCESSOR_IDENTIFIER=Intel64 Family 6 Model 142 Stepping 12, GenuineIntel
TMP=C:\Users\TIAGO_~1\AppData\Local\Temp
TEMP=C:\Users\TIAGO_~1\AppData\Local\Temp



---------------  S Y S T E M  ---------------

OS:
 Windows 11 , 64 bit Build 22621 (10.0.22621.1344)
OS uptime: 0 days 19:14 hours
Hyper-V role detected

CPU: total 8 (initial active 8) (4 cores per cpu, 2 threads per core) family 6 model 142 stepping 12 microcode 0xde, cx8, cmov, fxsr, ht, mmx, 3dnowpref, sse, sse2, sse3, ssse3, sse4.1, sse4.2, popcnt, lzcnt, tsc, tscinvbit, avx, avx2, aes, erms, clmul, bmi1, bmi2, adx, fma, vzeroupper, clflush, clflushopt, hv

Memory: 4k page, system-wide physical 12168M (3095M free)
TotalPageFile size 14216M (AvailPageFile size 20M)
current process WorkingSet (physical memory assigned to process): 213M, peak: 213M
current process commit charge ("private bytes"): 245M, peak: 313M

vm_info: OpenJDK 64-Bit Server VM (17.0.6+10) for windows-amd64 JRE (17.0.6+10), built on Jan 18 2023 10:08:59 by "temurin" with MS VC++ 16.7 (VS2019)

END.
