#
# There is insufficient memory for the Java Runtime Environment to continue.
# Native memory allocation (malloc) failed to allocate 32744 bytes for ChunkPool::allocate
# Possible reasons:
#   The system is out of physical RAM or swap space
#   The process is running with CompressedOops enabled, and the Java Heap may be blocking the growth of the native heap
# Possible solutions:
#   Reduce memory load on the system
#   Increase physical memory or swap space
#   Check if swap backing store is full
#   Decrease Java heap size (-Xmx/-Xms)
#   Decrease number of Java threads
#   Decrease Java thread stack sizes (-Xss)
#   Set larger code cache with -XX:ReservedCodeCacheSize=
#   JVM is running with Zero Based Compressed Oops mode in which the Java heap is
#     placed in the first 32GB address space. The Java Heap base address is the
#     maximum limit for the native heap growth. Please use -XX:HeapBaseMinAddress
#     to set the Java Heap base and to place the Java Heap above 32GB virtual address.
# This output file may be truncated or incomplete.
#
#  Out of Memory Error (arena.cpp:78), pid=18372, tid=20164
#
# JRE version: OpenJDK Runtime Environment Temurin-17.0.6+10 (17.0.6+10) (build 17.0.6+10)
# Java VM: OpenJDK 64-Bit Server VM Temurin-17.0.6+10 (17.0.6+10, mixed mode, emulated-client, tiered, compressed oops, compressed class ptrs, g1 gc, windows-amd64)
# No core dump will be written. Minidumps are not enabled by default on client versions of Windows
#

---------------  S U M M A R Y ------------

Command Line: -Dcom.sun.management.jmxremote -Dcom.sun.management.jmxremote.port=65064 -Dcom.sun.management.jmxremote.authenticate=false -Dcom.sun.management.jmxremote.ssl=false -Djava.rmi.server.hostname=localhost -Dspring.jmx.enabled=true -Dmanagement.endpoints.jmx.exposure.include=* -Dspring.application.admin.enabled=true -XX:TieredStopAtLevel=1 -Dspring.boot.project.name=ms-stock -Dfile.encoding=UTF-8 -XX:+ShowCodeDetailsInExceptionMessages com.msstock.MsStockApplication --spring.output.ansi.enabled=always

Host: Intel(R) Core(TM) i5-8265U CPU @ 1.60GHz, 8 cores, 11G,  Windows 11 , 64 bit Build 22621 (10.0.22621.1635)
Time: Sat May 20 11:18:41 2023 Hora oficial do Brasil elapsed time: 8.401978 seconds (0d 0h 0m 8s)

---------------  T H R E A D  ---------------

Current thread (0x0000022e96c51d50):  JavaThread "C1 CompilerThread0" daemon [_thread_in_native, id=20164, stack(0x000000bf12700000,0x000000bf12800000)]


Current CompileTask:
C1:   8402 3753       1       java.lang.String::split (327 bytes)

Stack: [0x000000bf12700000,0x000000bf12800000]
Native frames: (J=compiled Java code, j=interpreted, Vv=VM code, C=native code)
V  [jvm.dll+0x67741a]
V  [jvm.dll+0x834434]
V  [jvm.dll+0x835bde]
V  [jvm.dll+0x836243]
V  [jvm.dll+0x2457b5]
V  [jvm.dll+0xabd1c]
V  [jvm.dll+0xac0cc]
V  [jvm.dll+0x177f9f]
V  [jvm.dll+0x17a601]
V  [jvm.dll+0x134d93]
V  [jvm.dll+0x13468f]
V  [jvm.dll+0x1348c6]
V  [jvm.dll+0x133d5a]
V  [jvm.dll+0x135a21]
V  [jvm.dll+0x22742a]
V  [jvm.dll+0x225565]
V  [jvm.dll+0x7ea2cb]
V  [jvm.dll+0x7e483a]
V  [jvm.dll+0x6762c5]
C  [ucrtbase.dll+0x29363]
C  [KERNEL32.DLL+0x126ad]
C  [ntdll.dll+0x5a9f8]


---------------  P R O C E S S  ---------------

Threads class SMR info:
_java_thread_list=0x0000022e98d85970, length=25, elements={
0x0000022e85d65b90, 0x0000022e96c18ff0, 0x0000022e96c1b5d0, 0x0000022e9613d3e0,
0x0000022e9613df90, 0x0000022e96c4cdc0, 0x0000022e96c4f390, 0x0000022e96c51d50,
0x0000022e96c549f0, 0x0000022e960d02f0, 0x0000022e96dcf9d0, 0x0000022e96e05ac0,
0x0000022e973b1260, 0x0000022e973af3b0, 0x0000022e973c9630, 0x0000022e973c30a0,
0x0000022e973c3ba0, 0x0000022e97546670, 0x0000022e9757c850, 0x0000022e975a9da0,
0x0000022e98725780, 0x0000022e98e05f70, 0x0000022e98e06de0, 0x0000022e98e072b0,
0x0000022e98e06440
}

Java Threads: ( => current thread )
  0x0000022e85d65b90 JavaThread "main" [_thread_in_vm, id=7364, stack(0x000000bf11a00000,0x000000bf11b00000)]
  0x0000022e96c18ff0 JavaThread "Reference Handler" daemon [_thread_blocked, id=14612, stack(0x000000bf12100000,0x000000bf12200000)]
  0x0000022e96c1b5d0 JavaThread "Finalizer" daemon [_thread_blocked, id=16824, stack(0x000000bf12200000,0x000000bf12300000)]
  0x0000022e9613d3e0 JavaThread "Signal Dispatcher" daemon [_thread_blocked, id=2444, stack(0x000000bf12300000,0x000000bf12400000)]
  0x0000022e9613df90 JavaThread "Attach Listener" daemon [_thread_blocked, id=16276, stack(0x000000bf12400000,0x000000bf12500000)]
  0x0000022e96c4cdc0 JavaThread "Service Thread" daemon [_thread_blocked, id=6136, stack(0x000000bf12500000,0x000000bf12600000)]
  0x0000022e96c4f390 JavaThread "Monitor Deflation Thread" daemon [_thread_blocked, id=17864, stack(0x000000bf12600000,0x000000bf12700000)]
=>0x0000022e96c51d50 JavaThread "C1 CompilerThread0" daemon [_thread_in_native, id=20164, stack(0x000000bf12700000,0x000000bf12800000)]
  0x0000022e96c549f0 JavaThread "Sweeper thread" daemon [_thread_blocked, id=17024, stack(0x000000bf12800000,0x000000bf12900000)]
  0x0000022e960d02f0 JavaThread "Common-Cleaner" daemon [_thread_blocked, id=20008, stack(0x000000bf12900000,0x000000bf12a00000)]
  0x0000022e96dcf9d0 JavaThread "C1 CompilerThread1" daemon [_thread_blocked, id=16668, stack(0x000000bf12a00000,0x000000bf12b00000)]
  0x0000022e96e05ac0 JavaThread "Notification Thread" daemon [_thread_blocked, id=20964, stack(0x000000bf12b00000,0x000000bf12c00000)]
  0x0000022e973b1260 JavaThread "C1 CompilerThread2" daemon [_thread_blocked, id=20792, stack(0x000000bf12c00000,0x000000bf12d00000)]
  0x0000022e973af3b0 JavaThread "RMI TCP Accept-0" daemon [_thread_in_native, id=7676, stack(0x000000bf12d00000,0x000000bf12e00000)]
  0x0000022e973c9630 JavaThread "RMI TCP Accept-65064" daemon [_thread_in_native, id=3984, stack(0x000000bf12e00000,0x000000bf12f00000)]
  0x0000022e973c30a0 JavaThread "RMI TCP Accept-0" daemon [_thread_in_native, id=16128, stack(0x000000bf12f00000,0x000000bf13000000)]
  0x0000022e973c3ba0 JavaThread "RMI TCP Connection(1)-127.0.0.1" daemon [_thread_in_native, id=3640, stack(0x000000bf13100000,0x000000bf13200000)]
  0x0000022e97546670 JavaThread "RMI Scheduler(0)" daemon [_thread_blocked, id=3728, stack(0x000000bf13200000,0x000000bf13300000)]
  0x0000022e9757c850 JavaThread "RMI TCP Connection(2)-127.0.0.1" daemon [_thread_in_native, id=14328, stack(0x000000bf13300000,0x000000bf13400000)]
  0x0000022e975a9da0 JavaThread "JMX server connection timeout 22" daemon [_thread_blocked, id=2284, stack(0x000000bf13400000,0x000000bf13500000)]
  0x0000022e98725780 JavaThread "C1 CompilerThread3" daemon [_thread_in_native, id=2448, stack(0x000000bf14000000,0x000000bf14100000)]
  0x0000022e98e05f70 JavaThread "Catalina-utility-1" [_thread_blocked, id=1288, stack(0x000000bf13e00000,0x000000bf13f00000)]
  0x0000022e98e06de0 JavaThread "Catalina-utility-2" [_thread_blocked, id=16148, stack(0x000000bf14100000,0x000000bf14200000)]
  0x0000022e98e072b0 JavaThread "container-0" [_thread_blocked, id=17424, stack(0x000000bf14200000,0x000000bf14300000)]
  0x0000022e98e06440 JavaThread "mysql-cj-abandoned-connection-cleanup" daemon [_thread_blocked, id=14832, stack(0x000000bf14300000,0x000000bf14400000)]

Other Threads:
  0x0000022e96134890 VMThread "VM Thread" [stack: 0x000000bf12000000,0x000000bf12100000] [id=17960]
  0x0000022e973b03b0 WatcherThread [stack: 0x000000bf13000000,0x000000bf13100000] [id=20032]
  0x0000022e85dbfcd0 GCTaskThread "GC Thread#0" [stack: 0x000000bf11b00000,0x000000bf11c00000] [id=5904]
  0x0000022e97783910 GCTaskThread "GC Thread#1" [stack: 0x000000bf13500000,0x000000bf13600000] [id=4184]
  0x0000022e9777b280 GCTaskThread "GC Thread#2" [stack: 0x000000bf13600000,0x000000bf13700000] [id=5932]
  0x0000022e9779fe90 GCTaskThread "GC Thread#3" [stack: 0x000000bf13700000,0x000000bf13800000] [id=13056]
  0x0000022e9777cfa0 GCTaskThread "GC Thread#4" [stack: 0x000000bf13800000,0x000000bf13900000] [id=18616]
  0x0000022e977bedb0 GCTaskThread "GC Thread#5" [stack: 0x000000bf13900000,0x000000bf13a00000] [id=5728]
  0x0000022e977bf060 GCTaskThread "GC Thread#6" [stack: 0x000000bf13a00000,0x000000bf13b00000] [id=9892]
  0x0000022e977bf310 GCTaskThread "GC Thread#7" [stack: 0x000000bf13b00000,0x000000bf13c00000] [id=19800]
  0x0000022e85dcca50 ConcurrentGCThread "G1 Main Marker" [stack: 0x000000bf11c00000,0x000000bf11d00000] [id=18652]
  0x0000022e85dcd460 ConcurrentGCThread "G1 Conc#0" [stack: 0x000000bf11d00000,0x000000bf11e00000] [id=21020]
  0x0000022e986a4970 ConcurrentGCThread "G1 Conc#1" [stack: 0x000000bf13f00000,0x000000bf14000000] [id=17100]
  0x0000022e95fa20c0 ConcurrentGCThread "G1 Refine#0" [stack: 0x000000bf11e00000,0x000000bf11f00000] [id=1576]
  0x0000022e977c15d0 ConcurrentGCThread "G1 Refine#1" [stack: 0x000000bf13c00000,0x000000bf13d00000] [id=2872]
  0x0000022e977c18b0 ConcurrentGCThread "G1 Refine#2" [stack: 0x000000bf13d00000,0x000000bf13e00000] [id=15612]
  0x0000022e95fa2ae0 ConcurrentGCThread "G1 Service" [stack: 0x000000bf11f00000,0x000000bf12000000] [id=16312]

Threads with active compile tasks:
C1 CompilerThread0     8529 3753       1       java.lang.String::split (327 bytes)
C1 CompilerThread3     8530 3754       1       java.util.LinkedList$ListItr::hasNext (20 bytes)

VM state: not at safepoint (normal execution)

VM Mutex/Monitor currently owned by a thread: None

Heap address: 0x0000000741c00000, size: 3044 MB, Compressed Oops mode: Zero based, Oop shift amount: 3

CDS archive(s) not mapped
Compressed class space mapped at: 0x0000000800000000-0x0000000840000000, reserved size: 1073741824
Narrow klass base: 0x0000000800000000, Narrow klass shift: 0, Narrow klass range: 0x40000000

GC Precious Log:
 CPUs: 8 total, 8 available
 Memory: 12168M
 Large Page Support: Disabled
 NUMA Support: Disabled
 Compressed Oops: Enabled (Zero based)
 Heap Region Size: 2M
 Heap Min Capacity: 8M
 Heap Initial Capacity: 192M
 Heap Max Capacity: 3044M
 Pre-touch: Disabled
 Parallel Workers: 8
 Concurrent Workers: 2
 Concurrent Refinement Workers: 8
 Periodic GC: Disabled

Heap:
 garbage-first heap   total 61440K, used 30175K [0x0000000741c00000, 0x0000000800000000)
  region size 2048K, 8 young (16384K), 1 survivors (2048K)
 Metaspace       used 48335K, committed 48832K, reserved 1097728K
  class space    used 6282K, committed 6528K, reserved 1048576K

Heap Regions: E=young(eden), S=young(survivor), O=old, HS=humongous(starts), HC=humongous(continues), CS=collection set, F=free, OA=open archive, CA=closed archive, TAMS=top-at-mark-start (previous, next)
|   0|0x0000000741c00000, 0x0000000741e00000, 0x0000000741e00000|100%| O|  |TAMS 0x0000000741e00000, 0x0000000741c00000| Untracked 
|   1|0x0000000741e00000, 0x0000000742000000, 0x0000000742000000|100%| O|  |TAMS 0x0000000742000000, 0x0000000741e00000| Untracked 
|   2|0x0000000742000000, 0x0000000742200000, 0x0000000742200000|100%| O|  |TAMS 0x0000000742200000, 0x0000000742000000| Untracked 
|   3|0x0000000742200000, 0x0000000742200000, 0x0000000742400000|  0%| F|  |TAMS 0x0000000742200000, 0x0000000742200000| Untracked 
|   4|0x0000000742400000, 0x0000000742600000, 0x0000000742600000|100%| O|  |TAMS 0x0000000742600000, 0x0000000742400000| Untracked 
|   5|0x0000000742600000, 0x0000000742800000, 0x0000000742800000|100%| O|  |TAMS 0x0000000742800000, 0x0000000742600000| Untracked 
|   6|0x0000000742800000, 0x0000000742a00000, 0x0000000742a00000|100%| O|  |TAMS 0x0000000742800000, 0x0000000742800000| Untracked 
|   7|0x0000000742a00000, 0x0000000742c00000, 0x0000000742c00000|100%| O|  |TAMS 0x0000000742a00000, 0x0000000742a00000| Untracked 
|   8|0x0000000742c00000, 0x0000000742e00000, 0x0000000742e00000|100%| O|  |TAMS 0x0000000742c00000, 0x0000000742c00000| Untracked 
|   9|0x0000000742e00000, 0x0000000742e00000, 0x0000000743000000|  0%| F|  |TAMS 0x0000000742e00000, 0x0000000742e00000| Untracked 
|  10|0x0000000743000000, 0x0000000743000000, 0x0000000743200000|  0%| F|  |TAMS 0x0000000743000000, 0x0000000743000000| Untracked 
|  11|0x0000000743200000, 0x0000000743200000, 0x0000000743400000|  0%| F|  |TAMS 0x0000000743200000, 0x0000000743200000| Untracked 
|  12|0x0000000743400000, 0x00000007434b3400, 0x0000000743600000| 35%| O|  |TAMS 0x0000000743400000, 0x0000000743400000| Untracked 
|  13|0x0000000743600000, 0x0000000743600000, 0x0000000743800000|  0%| F|  |TAMS 0x0000000743600000, 0x0000000743600000| Untracked 
|  14|0x0000000743800000, 0x0000000743800000, 0x0000000743a00000|  0%| F|  |TAMS 0x0000000743800000, 0x0000000743800000| Untracked 
|  15|0x0000000743a00000, 0x0000000743a00000, 0x0000000743c00000|  0%| F|  |TAMS 0x0000000743a00000, 0x0000000743a00000| Untracked 
|  16|0x0000000743c00000, 0x0000000743c00000, 0x0000000743e00000|  0%| F|  |TAMS 0x0000000743c00000, 0x0000000743c00000| Untracked 
|  17|0x0000000743e00000, 0x0000000743e00000, 0x0000000744000000|  0%| F|  |TAMS 0x0000000743e00000, 0x0000000743e00000| Untracked 
|  18|0x0000000744000000, 0x0000000744000000, 0x0000000744200000|  0%| F|  |TAMS 0x0000000744000000, 0x0000000744000000| Untracked 
|  19|0x0000000744200000, 0x0000000744200000, 0x0000000744400000|  0%| F|  |TAMS 0x0000000744200000, 0x0000000744200000| Untracked 
|  20|0x0000000744400000, 0x0000000744400000, 0x0000000744600000|  0%| F|  |TAMS 0x0000000744400000, 0x0000000744400000| Untracked 
|  21|0x0000000744600000, 0x0000000744600000, 0x0000000744800000|  0%| F|  |TAMS 0x0000000744600000, 0x0000000744600000| Untracked 
|  22|0x0000000744800000, 0x0000000744990388, 0x0000000744a00000| 78%| E|  |TAMS 0x0000000744800000, 0x0000000744800000| Complete 
|  23|0x0000000744a00000, 0x0000000744c00000, 0x0000000744c00000|100%| E|CS|TAMS 0x0000000744a00000, 0x0000000744a00000| Complete 
|  24|0x0000000744c00000, 0x0000000744e00000, 0x0000000744e00000|100%| E|CS|TAMS 0x0000000744c00000, 0x0000000744c00000| Complete 
|  25|0x0000000744e00000, 0x0000000745000000, 0x0000000745000000|100%| E|CS|TAMS 0x0000000744e00000, 0x0000000744e00000| Complete 
|  26|0x0000000745000000, 0x0000000745200000, 0x0000000745200000|100%| E|CS|TAMS 0x0000000745000000, 0x0000000745000000| Complete 
|  53|0x0000000748600000, 0x0000000748800000, 0x0000000748800000|100%| E|CS|TAMS 0x0000000748600000, 0x0000000748600000| Complete 
|  54|0x0000000748800000, 0x00000007488c48c0, 0x0000000748a00000| 38%| S|CS|TAMS 0x0000000748800000, 0x0000000748800000| Complete 
|  95|0x000000074da00000, 0x000000074dc00000, 0x000000074dc00000|100%| E|CS|TAMS 0x000000074da00000, 0x000000074da00000| Complete 

Card table byte_map: [0x0000022e8cb20000,0x0000022e8d120000] _byte_map_base: 0x0000022e89112000

Marking Bits (Prev, Next): (CMBitMap*) 0x0000022e85dc02e0, (CMBitMap*) 0x0000022e85dc0320
 Prev Bits: [0x0000022e8d720000, 0x0000022e906b0000)
 Next Bits: [0x0000022e906b0000, 0x0000022e93640000)

Polling page: 0x0000022e85520000

Metaspace:

Usage:
  Non-class:     41.07 MB used.
      Class:      6.14 MB used.
       Both:     47.20 MB used.

Virtual space:
  Non-class space:       48.00 MB reserved,      41.31 MB ( 86%) committed,  6 nodes.
      Class space:        1.00 GB reserved,       6.38 MB ( <1%) committed,  1 nodes.
             Both:        1.05 GB reserved,      47.69 MB (  4%) committed. 

Chunk freelists:
   Non-Class:  2.42 MB
       Class:  1.60 MB
        Both:  4.02 MB

MaxMetaspaceSize: unlimited
CompressedClassSpaceSize: 1.00 GB
Initial GC threshold: 21.00 MB
Current GC threshold: 59.06 MB
CDS: off
MetaspaceReclaimPolicy: balanced
 - commit_granule_bytes: 65536.
 - commit_granule_words: 8192.
 - virtual_space_node_default_size: 1048576.
 - enlarge_chunks_in_place: 1.
 - new_chunks_are_fully_committed: 0.
 - uncommit_free_chunks: 1.
 - use_allocation_guard: 0.
 - handle_deallocations: 1.


Internal statistics:

num_allocs_failed_limit: 6.
num_arena_births: 590.
num_arena_deaths: 0.
num_vsnodes_births: 7.
num_vsnodes_deaths: 0.
num_space_committed: 763.
num_space_uncommitted: 0.
num_chunks_returned_to_freelist: 6.
num_chunks_taken_from_freelist: 1927.
num_chunk_merges: 6.
num_chunk_splits: 1342.
num_chunks_enlarged: 990.
num_purges: 0.
num_inconsistent_stats: 0.

CodeCache: size=49152Kb used=8725Kb max_used=8725Kb free=40426Kb
 bounds [0x0000022e89410000, 0x0000022e89ca0000, 0x0000022e8c410000]
 total_blobs=4319 nmethods=3752 adapters=490
 compilation: enabled
              stopped_count=0, restarted_count=0
 full_count=0

Compilation events (20 events):
Event: 8.323 Thread 0x0000022e96c51d50 3744       1       java.util.ArrayList$ArrayListSpliterator::getFence (35 bytes)
Event: 8.323 Thread 0x0000022e973b1260 3745       1       java.util.ArrayList$ArrayListSpliterator::tryAdvance (79 bytes)
Event: 8.323 Thread 0x0000022e96c51d50 nmethod 3744 0x0000022e89c91310 code [0x0000022e89c914a0, 0x0000022e89c91598]
Event: 8.323 Thread 0x0000022e98725780 3746       1       com.mysql.cj.protocol.ExportControlled$$Lambda$883/0x0000000800621248::test (12 bytes)
Event: 8.323 Thread 0x0000022e96c51d50 3747       1       com.mysql.cj.protocol.ExportControlled::lambda$null$4 (6 bytes)
Event: 8.323 Thread 0x0000022e96dcf9d0 3748       1       java.util.stream.FindOps$FindOp::getOpFlags (5 bytes)
Event: 8.323 Thread 0x0000022e96c51d50 nmethod 3747 0x0000022e89c91610 code [0x0000022e89c917a0, 0x0000022e89c91888]
Event: 8.323 Thread 0x0000022e98725780 nmethod 3746 0x0000022e89c91990 code [0x0000022e89c91b20, 0x0000022e89c91c68]
Event: 8.323 Thread 0x0000022e96dcf9d0 nmethod 3748 0x0000022e89c91d90 code [0x0000022e89c91f20, 0x0000022e89c91ff8]
Event: 8.323 Thread 0x0000022e973b1260 nmethod 3745 0x0000022e89c92090 code [0x0000022e89c92260, 0x0000022e89c92568]
Event: 8.326 Thread 0x0000022e973b1260 3749       1       sun.security.ssl.CipherSuite$KeyExchange::isAvailable (46 bytes)
Event: 8.326 Thread 0x0000022e96c51d50 3750       1       java.util.regex.Pattern::split (288 bytes)
Event: 8.326 Thread 0x0000022e973b1260 nmethod 3749 0x0000022e89c92a90 code [0x0000022e89c92c40, 0x0000022e89c92dc8]
Event: 8.328 Thread 0x0000022e96c51d50 nmethod 3750 0x0000022e89c92e90 code [0x0000022e89c93200, 0x0000022e89c944b8]
Event: 8.362 Thread 0x0000022e96c51d50 3751       1       java.util.regex.Pattern::split (7 bytes)
Event: 8.362 Thread 0x0000022e96c51d50 nmethod 3751 0x0000022e89c95190 code [0x0000022e89c95320, 0x0000022e89c95408]
Event: 8.365 Thread 0x0000022e98725780 3752       1       java.lang.String::split (7 bytes)
Event: 8.365 Thread 0x0000022e96c51d50 3753       1       java.lang.String::split (327 bytes)
Event: 8.365 Thread 0x0000022e98725780 nmethod 3752 0x0000022e89c95490 code [0x0000022e89c95620, 0x0000022e89c95708]
Event: 8.367 Thread 0x0000022e98725780 3754       1       java.util.LinkedList$ListItr::hasNext (20 bytes)

GC Heap History (20 events):
Event: 2.772 GC heap before
{Heap before GC invocations=2 (full 0):
 garbage-first heap   total 196608K, used 12832K [0x0000000741c00000, 0x0000000800000000)
  region size 2048K, 5 young (10240K), 1 survivors (2048K)
 Metaspace       used 21259K, committed 21504K, reserved 1073152K
  class space    used 2438K, committed 2560K, reserved 1048576K
}
Event: 2.775 GC heap after
{Heap after GC invocations=3 (full 0):
 garbage-first heap   total 196608K, used 8918K [0x0000000741c00000, 0x0000000800000000)
  region size 2048K, 1 young (2048K), 1 survivors (2048K)
 Metaspace       used 21259K, committed 21504K, reserved 1073152K
  class space    used 2438K, committed 2560K, reserved 1048576K
}
Event: 3.115 GC heap before
{Heap before GC invocations=4 (full 0):
 garbage-first heap   total 40960K, used 25302K [0x0000000741c00000, 0x0000000800000000)
  region size 2048K, 11 young (22528K), 1 survivors (2048K)
 Metaspace       used 25526K, committed 25792K, reserved 1073152K
  class space    used 3008K, committed 3136K, reserved 1048576K
}
Event: 3.120 GC heap after
{Heap after GC invocations=5 (full 0):
 garbage-first heap   total 40960K, used 9926K [0x0000000741c00000, 0x0000000800000000)
  region size 2048K, 2 young (4096K), 2 survivors (4096K)
 Metaspace       used 25526K, committed 25792K, reserved 1073152K
  class space    used 3008K, committed 3136K, reserved 1048576K
}
Event: 3.207 GC heap before
{Heap before GC invocations=5 (full 0):
 garbage-first heap   total 40960K, used 11974K [0x0000000741c00000, 0x0000000800000000)
  region size 2048K, 3 young (6144K), 2 survivors (4096K)
 Metaspace       used 26007K, committed 26304K, reserved 1073152K
  class space    used 3079K, committed 3200K, reserved 1048576K
}
Event: 3.215 GC heap after
{Heap after GC invocations=6 (full 0):
 garbage-first heap   total 40960K, used 10148K [0x0000000741c00000, 0x0000000800000000)
  region size 2048K, 1 young (2048K), 1 survivors (2048K)
 Metaspace       used 26007K, committed 26304K, reserved 1073152K
  class space    used 3079K, committed 3200K, reserved 1048576K
}
Event: 3.958 GC heap before
{Heap before GC invocations=6 (full 0):
 garbage-first heap   total 40960K, used 26532K [0x0000000741c00000, 0x0000000800000000)
  region size 2048K, 9 young (18432K), 1 survivors (2048K)
 Metaspace       used 27755K, committed 28032K, reserved 1081344K
  class space    used 3287K, committed 3392K, reserved 1048576K
}
Event: 3.963 GC heap after
{Heap after GC invocations=7 (full 0):
 garbage-first heap   total 40960K, used 11447K [0x0000000741c00000, 0x0000000800000000)
  region size 2048K, 1 young (2048K), 1 survivors (2048K)
 Metaspace       used 27755K, committed 28032K, reserved 1081344K
  class space    used 3287K, committed 3392K, reserved 1048576K
}
Event: 4.815 GC heap before
{Heap before GC invocations=7 (full 0):
 garbage-first heap   total 40960K, used 27831K [0x0000000741c00000, 0x0000000800000000)
  region size 2048K, 9 young (18432K), 1 survivors (2048K)
 Metaspace       used 30037K, committed 30336K, reserved 1081344K
  class space    used 3649K, committed 3776K, reserved 1048576K
}
Event: 4.822 GC heap after
{Heap after GC invocations=8 (full 0):
 garbage-first heap   total 40960K, used 12437K [0x0000000741c00000, 0x0000000800000000)
  region size 2048K, 2 young (4096K), 2 survivors (4096K)
 Metaspace       used 30037K, committed 30336K, reserved 1081344K
  class space    used 3649K, committed 3776K, reserved 1048576K
}
Event: 5.545 GC heap before
{Heap before GC invocations=8 (full 0):
 garbage-first heap   total 40960K, used 26773K [0x0000000741c00000, 0x0000000800000000)
  region size 2048K, 9 young (18432K), 2 survivors (4096K)
 Metaspace       used 32625K, committed 33024K, reserved 1081344K
  class space    used 4098K, committed 4288K, reserved 1048576K
}
Event: 5.555 GC heap after
{Heap after GC invocations=9 (full 0):
 garbage-first heap   total 40960K, used 13377K [0x0000000741c00000, 0x0000000800000000)
  region size 2048K, 2 young (4096K), 2 survivors (4096K)
 Metaspace       used 32625K, committed 33024K, reserved 1081344K
  class space    used 4098K, committed 4288K, reserved 1048576K
}
Event: 6.049 GC heap before
{Heap before GC invocations=9 (full 0):
 garbage-first heap   total 40960K, used 25665K [0x0000000741c00000, 0x0000000800000000)
  region size 2048K, 9 young (18432K), 2 survivors (4096K)
 Metaspace       used 34730K, committed 35136K, reserved 1081344K
  class space    used 4465K, committed 4672K, reserved 1048576K
}
Event: 6.060 GC heap after
{Heap after GC invocations=10 (full 0):
 garbage-first heap   total 118784K, used 15072K [0x0000000741c00000, 0x0000000800000000)
  region size 2048K, 2 young (4096K), 2 survivors (4096K)
 Metaspace       used 34730K, committed 35136K, reserved 1081344K
  class space    used 4465K, committed 4672K, reserved 1048576K
}
Event: 6.265 GC heap before
{Heap before GC invocations=10 (full 0):
 garbage-first heap   total 118784K, used 19168K [0x0000000741c00000, 0x0000000800000000)
  region size 2048K, 5 young (10240K), 2 survivors (4096K)
 Metaspace       used 35820K, committed 36160K, reserved 1081344K
  class space    used 4581K, committed 4736K, reserved 1048576K
}
Event: 6.275 GC heap after
{Heap after GC invocations=11 (full 0):
 garbage-first heap   total 118784K, used 15454K [0x0000000741c00000, 0x0000000800000000)
  region size 2048K, 2 young (4096K), 2 survivors (4096K)
 Metaspace       used 35820K, committed 36160K, reserved 1081344K
  class space    used 4581K, committed 4736K, reserved 1048576K
}
Event: 7.604 GC heap before
{Heap before GC invocations=12 (full 0):
 garbage-first heap   total 61440K, used 48222K [0x0000000741c00000, 0x0000000800000000)
  region size 2048K, 18 young (36864K), 2 survivors (4096K)
 Metaspace       used 41976K, committed 42432K, reserved 1089536K
  class space    used 5491K, committed 5696K, reserved 1048576K
}
Event: 7.609 GC heap after
{Heap after GC invocations=13 (full 0):
 garbage-first heap   total 61440K, used 17782K [0x0000000741c00000, 0x0000000800000000)
  region size 2048K, 3 young (6144K), 3 survivors (6144K)
 Metaspace       used 41976K, committed 42432K, reserved 1089536K
  class space    used 5491K, committed 5696K, reserved 1048576K
}
Event: 7.684 GC heap before
{Heap before GC invocations=13 (full 0):
 garbage-first heap   total 61440K, used 19830K [0x0000000741c00000, 0x0000000800000000)
  region size 2048K, 4 young (8192K), 3 survivors (6144K)
 Metaspace       used 42556K, committed 43008K, reserved 1089536K
  class space    used 5571K, committed 5760K, reserved 1048576K
}
Event: 7.690 GC heap after
{Heap after GC invocations=14 (full 0):
 garbage-first heap   total 61440K, used 17887K [0x0000000741c00000, 0x0000000800000000)
  region size 2048K, 1 young (2048K), 1 survivors (2048K)
 Metaspace       used 42556K, committed 43008K, reserved 1089536K
  class space    used 5571K, committed 5760K, reserved 1048576K
}

Dll operation events (9 events):
Event: 0.017 Loaded shared library D:\Programas Desenvolvimento\sts-4.18.0.RELEASE\plugins\org.eclipse.justj.openjdk.hotspot.jre.full.win32.x86_64_17.0.6.v20230204-1729\jre\bin\java.dll
Event: 0.618 Loaded shared library D:\Programas Desenvolvimento\sts-4.18.0.RELEASE\plugins\org.eclipse.justj.openjdk.hotspot.jre.full.win32.x86_64_17.0.6.v20230204-1729\jre\bin\jimage.dll
Event: 0.650 Loaded shared library D:\Programas Desenvolvimento\sts-4.18.0.RELEASE\plugins\org.eclipse.justj.openjdk.hotspot.jre.full.win32.x86_64_17.0.6.v20230204-1729\jre\bin\net.dll
Event: 0.653 Loaded shared library D:\Programas Desenvolvimento\sts-4.18.0.RELEASE\plugins\org.eclipse.justj.openjdk.hotspot.jre.full.win32.x86_64_17.0.6.v20230204-1729\jre\bin\nio.dll
Event: 0.664 Loaded shared library D:\Programas Desenvolvimento\sts-4.18.0.RELEASE\plugins\org.eclipse.justj.openjdk.hotspot.jre.full.win32.x86_64_17.0.6.v20230204-1729\jre\bin\zip.dll
Event: 0.832 Loaded shared library D:\Programas Desenvolvimento\sts-4.18.0.RELEASE\plugins\org.eclipse.justj.openjdk.hotspot.jre.full.win32.x86_64_17.0.6.v20230204-1729\jre\bin\management.dll
Event: 0.865 Loaded shared library D:\Programas Desenvolvimento\sts-4.18.0.RELEASE\plugins\org.eclipse.justj.openjdk.hotspot.jre.full.win32.x86_64_17.0.6.v20230204-1729\jre\bin\management_ext.dll
Event: 2.815 Loaded shared library D:\Programas Desenvolvimento\sts-4.18.0.RELEASE\plugins\org.eclipse.justj.openjdk.hotspot.jre.full.win32.x86_64_17.0.6.v20230204-1729\jre\bin\verify.dll
Event: 6.491 Loaded shared library D:\Programas Desenvolvimento\sts-4.18.0.RELEASE\plugins\org.eclipse.justj.openjdk.hotspot.jre.full.win32.x86_64_17.0.6.v20230204-1729\jre\bin\sunmscapi.dll

Deoptimization events (4 events):
Event: 2.918 Thread 0x0000022e85d65b90 DEOPT PACKING pc=0x0000022e899c7af9 sp=0x000000bf11afd6f0
Event: 2.918 Thread 0x0000022e85d65b90 DEOPT UNPACKING pc=0x0000022e89467143 sp=0x000000bf11afcbd0 mode 3
Event: 6.649 Thread 0x0000022e85d65b90 DEOPT PACKING pc=0x0000022e89c10ca5 sp=0x000000bf11afc890
Event: 6.649 Thread 0x0000022e85d65b90 DEOPT UNPACKING pc=0x0000022e89467143 sp=0x000000bf11afbdf8 mode 3

Classes unloaded (0 events):
No events

Classes redefined (0 events):
No events

Internal exceptions (20 events):
Event: 5.604 Thread 0x0000022e85d65b90 Exception <a 'java/lang/NoClassDefFoundError'{0x000000074d24add0}: org/quartz/Scheduler> (0x000000074d24add0) 
thrown [s\src\hotspot\share\classfile\systemDictionary.cpp, line 245]
Event: 5.604 Thread 0x0000022e85d65b90 Exception <a 'java/lang/NoClassDefFoundError'{0x000000074d24cae0}: org/springframework/session/jdbc/JdbcIndexedSessionRepository> (0x000000074d24cae0) 
thrown [s\src\hotspot\share\classfile\systemDictionary.cpp, line 245]
Event: 5.637 Thread 0x0000022e85d65b90 Exception <a 'java/lang/NoSuchMethodError'{0x000000074d34f3a8}: 'void java.lang.invoke.DirectMethodHandle$Holder.invokeSpecial(java.lang.Object, java.lang.Object, java.lang.Object, java.lang.Object, java.lang.Object, java.lang.Object)'> (0x000000074d34f3a8) 
thrown [s\src\hotspot\share\interpreter\linkResolver.cpp, line 759]
Event: 5.793 Thread 0x0000022e85d65b90 Exception <a 'java/lang/NoSuchMethodError'{0x0000000743ce5dd8}: 'java.lang.Object java.lang.invoke.DirectMethodHandle$Holder.invokeSpecialIFC(java.lang.Object, java.lang.Object, java.lang.Object)'> (0x0000000743ce5dd8) 
thrown [s\src\hotspot\share\interpreter\linkResolver.cpp, line 759]
Event: 5.958 Thread 0x0000022e85d65b90 Exception <a 'java/lang/NoSuchMethodError'{0x00000007438e4bc8}: 'void java.lang.invoke.DirectMethodHandle$Holder.invokeInterface(java.lang.Object, java.lang.Object, int)'> (0x00000007438e4bc8) 
thrown [s\src\hotspot\share\interpreter\linkResolver.cpp, line 759]
Event: 5.964 Thread 0x0000022e85d65b90 Exception <a 'java/lang/IncompatibleClassChangeError'{0x00000007439348e8}: Found class java.lang.Object, but interface was expected> (0x00000007439348e8) 
thrown [s\src\hotspot\share\interpreter\linkResolver.cpp, line 826]
Event: 5.964 Thread 0x0000022e85d65b90 Exception <a 'java/lang/NoSuchMethodError'{0x0000000743939ca0}: 'void java.lang.invoke.DirectMethodHandle$Holder.invokeStatic(java.lang.Object, int, java.lang.Object)'> (0x0000000743939ca0) 
thrown [s\src\hotspot\share\interpreter\linkResolver.cpp, line 759]
Event: 6.120 Thread 0x0000022e9757c850 Exception <a 'java/lang/reflect/InvocationTargetException'{0x000000074d201b90}> (0x000000074d201b90) 
thrown [s\src\hotspot\share\runtime\reflection.cpp, line 1121]
Event: 6.354 Thread 0x0000022e85d65b90 Exception <a 'java/lang/NoSuchMethodError'{0x000000074db72e90}: 'java.lang.Object java.lang.invoke.DirectMethodHandle$Holder.invokeSpecial(java.lang.Object, java.lang.Object, long, java.lang.Object, java.lang.Object, java.lang.Object, java.lang.Object, java.lang.Object, java.lang.Object)'> (0x000000074db72e90) 
thrown [s\src\hotspot\share\interpreter\linkResolver.cpp, line 759]
Event: 6.354 Thread 0x0000022e85d65b90 Exception <a 'java/lang/NoSuchMethodError'{0x000000074db779b8}: 'java.lang.Object java.lang.invoke.DelegatingMethodHandle$Holder.reinvoke_L(java.lang.Object, long, java.lang.Object, java.lang.Object, java.lang.Object, java.lang.Object, java.lang.Object, java.lang.Object)'> (0x000000074db779b8) 
thrown [s\src\hotspot\share\interpreter\linkResolver.cpp, line 759]
Event: 6.355 Thread 0x0000022e85d65b90 Exception <a 'java/lang/NoSuchMethodError'{0x000000074db843b8}: 'java.lang.Object java.lang.invoke.Invokers$Holder.linkToTargetMethod(java.lang.Object, java.lang.Object, java.lang.Object, java.lang.Object, java.lang.Object, java.lang.Object, java.lang.Object)'> (0x000000074db843b8) 
thrown [s\src\hotspot\share\interpreter\linkResolver.cpp, line 759]
Event: 6.510 Thread 0x0000022e85d65b90 Exception <a 'java/io/FileNotFoundException'{0x0000000744f3f318}> (0x0000000744f3f318) 
thrown [s\src\hotspot\share\prims\jni.cpp, line 516]
Event: 6.571 Thread 0x0000022e85d65b90 Exception <a 'java/lang/NoSuchMethodError'{0x0000000744c8b410}: 'int java.lang.invoke.DirectMethodHandle$Holder.invokeInterface(java.lang.Object, java.lang.Object, java.lang.Object, java.lang.Object)'> (0x0000000744c8b410) 
thrown [s\src\hotspot\share\interpreter\linkResolver.cpp, line 759]
Event: 6.660 Thread 0x0000022e9757c850 Exception <a 'java/lang/reflect/InvocationTargetException'{0x0000000744b0b960}> (0x0000000744b0b960) 
thrown [s\src\hotspot\share\runtime\reflection.cpp, line 1121]
Event: 6.668 Thread 0x0000022e85d65b90 Exception <a 'java/lang/NoSuchMethodError'{0x0000000744a92d48}: 'long java.lang.invoke.DirectMethodHandle$Holder.invokeVirtual(java.lang.Object, java.lang.Object)'> (0x0000000744a92d48) 
thrown [s\src\hotspot\share\interpreter\linkResolver.cpp, line 759]
Event: 7.209 Thread 0x0000022e9757c850 Exception <a 'java/lang/reflect/InvocationTargetException'{0x0000000744b0f2c0}> (0x0000000744b0f2c0) 
thrown [s\src\hotspot\share\runtime\reflection.cpp, line 1121]
Event: 7.712 Thread 0x0000022e9757c850 Exception <a 'java/lang/reflect/InvocationTargetException'{0x000000074db06cb8}> (0x000000074db06cb8) 
thrown [s\src\hotspot\share\runtime\reflection.cpp, line 1121]
Event: 8.177 Thread 0x0000022e85d65b90 Exception <a 'sun/nio/fs/WindowsException'{0x0000000744bbd1e8}> (0x0000000744bbd1e8) 
thrown [s\src\hotspot\share\prims\jni.cpp, line 516]
Event: 8.193 Thread 0x0000022e85d65b90 Exception <a 'java/lang/NoSuchMethodError'{0x0000000744bde438}: 'int java.lang.invoke.DirectMethodHandle$Holder.invokeStaticInit(java.lang.Object, java.lang.Object, java.lang.Object, java.lang.Object)'> (0x0000000744bde438) 
thrown [s\src\hotspot\share\interpreter\linkResolver.cpp, line 759]
Event: 8.218 Thread 0x0000022e9757c850 Exception <a 'java/lang/reflect/InvocationTargetException'{0x0000000744882688}> (0x0000000744882688) 
thrown [s\src\hotspot\share\runtime\reflection.cpp, line 1121]

VM Operations (20 events):
Event: 6.458 Executing VM operation: HandshakeAllThreads
Event: 6.458 Executing VM operation: HandshakeAllThreads done
Event: 6.500 Executing VM operation: HandshakeAllThreads
Event: 6.500 Executing VM operation: HandshakeAllThreads done
Event: 6.601 Executing VM operation: HandshakeAllThreads
Event: 6.601 Executing VM operation: HandshakeAllThreads done
Event: 6.601 Executing VM operation: HandshakeAllThreads
Event: 6.601 Executing VM operation: HandshakeAllThreads done
Event: 6.683 Executing VM operation: HandshakeAllThreads
Event: 6.683 Executing VM operation: HandshakeAllThreads done
Event: 6.741 Executing VM operation: HandshakeAllThreads
Event: 6.741 Executing VM operation: HandshakeAllThreads done
Event: 7.604 Executing VM operation: G1CollectForAllocation
Event: 7.609 Executing VM operation: G1CollectForAllocation done
Event: 7.684 Executing VM operation: G1CollectForAllocation
Event: 7.690 Executing VM operation: G1CollectForAllocation done
Event: 8.178 Executing VM operation: HandshakeAllThreads
Event: 8.178 Executing VM operation: HandshakeAllThreads done
Event: 8.186 Executing VM operation: HandshakeAllThreads
Event: 8.186 Executing VM operation: HandshakeAllThreads done

Events (20 events):
Event: 8.362 loading class sun/security/ssl/SupportedGroupsExtension$SupportedGroupsSpec done
Event: 8.363 loading class sun/security/ssl/ECPointFormatsExtension$ECPointFormatsSpec
Event: 8.363 loading class sun/security/ssl/ECPointFormatsExtension$ECPointFormatsSpec done
Event: 8.363 loading class sun/security/ssl/ECPointFormatsExtension$ECPointFormat
Event: 8.363 loading class sun/security/ssl/ECPointFormatsExtension$ECPointFormat done
Event: 8.363 loading class sun/security/ssl/CertStatusExtension$CertStatusRequestV2Spec
Event: 8.363 loading class sun/security/ssl/CertStatusExtension$CertStatusRequestV2Spec done
Event: 8.363 loading class sun/security/ssl/ExtendedMasterSecretExtension$ExtendedMasterSecretSpec
Event: 8.363 loading class sun/security/ssl/ExtendedMasterSecretExtension$ExtendedMasterSecretSpec done
Event: 8.363 loading class sun/security/ssl/SessionTicketExtension$SessionTicketSpec
Event: 8.364 loading class sun/security/ssl/SessionTicketExtension$SessionTicketSpec done
Event: 8.365 loading class sun/security/ssl/SignatureAlgorithmsExtension$SignatureSchemesSpec
Event: 8.365 loading class sun/security/ssl/SignatureAlgorithmsExtension$SignatureSchemesSpec done
Event: 8.365 loading class sun/security/ssl/SupportedVersionsExtension$CHSupportedVersionsSpec
Event: 8.366 loading class sun/security/ssl/SupportedVersionsExtension$CHSupportedVersionsSpec done
Event: 8.366 loading class sun/security/ssl/PskKeyExchangeModesExtension$PskKeyExchangeModesSpec
Event: 8.366 loading class sun/security/ssl/PskKeyExchangeModesExtension$PskKeyExchangeModesSpec done
Event: 8.366 loading class sun/security/ssl/PskKeyExchangeModesExtension$PskKeyExchangeMode
Event: 8.366 loading class sun/security/ssl/PskKeyExchangeModesExtension$PskKeyExchangeMode done
Event: 8.367 loading class sun/security/ssl/SSLKeyExchange


Dynamic libraries:
0x00007ff7ab310000 - 0x00007ff7ab31e000 	D:\Programas Desenvolvimento\sts-4.18.0.RELEASE\plugins\org.eclipse.justj.openjdk.hotspot.jre.full.win32.x86_64_17.0.6.v20230204-1729\jre\bin\javaw.exe
0x00007fff92b90000 - 0x00007fff92da4000 	C:\Windows\SYSTEM32\ntdll.dll
0x00007fff92860000 - 0x00007fff92922000 	C:\Windows\System32\KERNEL32.DLL
0x00007fff903b0000 - 0x00007fff90753000 	C:\Windows\System32\KERNELBASE.dll
0x00007fff90260000 - 0x00007fff90371000 	C:\Windows\System32\ucrtbase.dll
0x00007fff80500000 - 0x00007fff80517000 	D:\Programas Desenvolvimento\sts-4.18.0.RELEASE\plugins\org.eclipse.justj.openjdk.hotspot.jre.full.win32.x86_64_17.0.6.v20230204-1729\jre\bin\jli.dll
0x00007fff90dd0000 - 0x00007fff90f7b000 	C:\Windows\System32\USER32.dll
0x00007fff90380000 - 0x00007fff903a6000 	C:\Windows\System32\win32u.dll
0x00007fff91890000 - 0x00007fff918b9000 	C:\Windows\System32\GDI32.dll
0x00007fff8ffb0000 - 0x00007fff900c8000 	C:\Windows\System32\gdi32full.dll
0x00007fff900d0000 - 0x00007fff9016a000 	C:\Windows\System32\msvcp_win.dll
0x00007fff5b670000 - 0x00007fff5b8fe000 	C:\Windows\WinSxS\amd64_microsoft.windows.common-controls_6595b64144ccf1df_6.0.22621.1635_none_270f70857386168e\COMCTL32.dll
0x00007fff7ad60000 - 0x00007fff7ad79000 	D:\Programas Desenvolvimento\sts-4.18.0.RELEASE\plugins\org.eclipse.justj.openjdk.hotspot.jre.full.win32.x86_64_17.0.6.v20230204-1729\jre\bin\VCRUNTIME140.dll
0x00007fff90c70000 - 0x00007fff90d17000 	C:\Windows\System32\msvcrt.dll
0x00007fff92350000 - 0x00007fff92381000 	C:\Windows\System32\IMM32.DLL
0x00007fff89450000 - 0x00007fff8945c000 	D:\Programas Desenvolvimento\sts-4.18.0.RELEASE\plugins\org.eclipse.justj.openjdk.hotspot.jre.full.win32.x86_64_17.0.6.v20230204-1729\jre\bin\vcruntime140_1.dll
0x00007fff6f600000 - 0x00007fff6f691000 	D:\Programas Desenvolvimento\sts-4.18.0.RELEASE\plugins\org.eclipse.justj.openjdk.hotspot.jre.full.win32.x86_64_17.0.6.v20230204-1729\jre\bin\msvcp140.dll
0x00007fff44470000 - 0x00007fff450b7000 	D:\Programas Desenvolvimento\sts-4.18.0.RELEASE\plugins\org.eclipse.justj.openjdk.hotspot.jre.full.win32.x86_64_17.0.6.v20230204-1729\jre\bin\server\jvm.dll
0x00007fff929b0000 - 0x00007fff92a5e000 	C:\Windows\System32\ADVAPI32.dll
0x00007fff92390000 - 0x00007fff92434000 	C:\Windows\System32\sechost.dll
0x00007fff92150000 - 0x00007fff92267000 	C:\Windows\System32\RPCRT4.dll
0x00007fff74ff0000 - 0x00007fff74ff9000 	C:\Windows\SYSTEM32\WSOCK32.dll
0x00007fff92930000 - 0x00007fff929a1000 	C:\Windows\System32\WS2_32.dll
0x00007fff88210000 - 0x00007fff88244000 	C:\Windows\SYSTEM32\WINMM.dll
0x00007fff88df0000 - 0x00007fff88dfa000 	C:\Windows\SYSTEM32\VERSION.dll
0x00007fff8efc0000 - 0x00007fff8efd8000 	C:\Windows\SYSTEM32\kernel.appcore.dll
0x00007fff8cbd0000 - 0x00007fff8cbda000 	D:\Programas Desenvolvimento\sts-4.18.0.RELEASE\plugins\org.eclipse.justj.openjdk.hotspot.jre.full.win32.x86_64_17.0.6.v20230204-1729\jre\bin\jimage.dll
0x00007fff8d990000 - 0x00007fff8dbbe000 	C:\Windows\SYSTEM32\DBGHELP.DLL
0x00007fff92440000 - 0x00007fff927c9000 	C:\Windows\System32\combase.dll
0x00007fff92270000 - 0x00007fff92347000 	C:\Windows\System32\OLEAUT32.dll
0x00007fff78da0000 - 0x00007fff78dd2000 	C:\Windows\SYSTEM32\dbgcore.DLL
0x00007fff901e0000 - 0x00007fff9025b000 	C:\Windows\System32\bcryptPrimitives.dll
0x00007fff88480000 - 0x00007fff884a5000 	D:\Programas Desenvolvimento\sts-4.18.0.RELEASE\plugins\org.eclipse.justj.openjdk.hotspot.jre.full.win32.x86_64_17.0.6.v20230204-1729\jre\bin\java.dll
0x00007fff7ce80000 - 0x00007fff7ce98000 	D:\Programas Desenvolvimento\sts-4.18.0.RELEASE\plugins\org.eclipse.justj.openjdk.hotspot.jre.full.win32.x86_64_17.0.6.v20230204-1729\jre\bin\zip.dll
0x00007fff918c0000 - 0x00007fff920ba000 	C:\Windows\System32\SHELL32.dll
0x00007fff8df60000 - 0x00007fff8e82e000 	C:\Windows\SYSTEM32\windows.storage.dll
0x00007fff8de20000 - 0x00007fff8df5e000 	C:\Windows\SYSTEM32\wintypes.dll
0x00007fff90b70000 - 0x00007fff90c61000 	C:\Windows\System32\SHCORE.dll
0x00007fff92a80000 - 0x00007fff92ade000 	C:\Windows\System32\shlwapi.dll
0x00007fff8fee0000 - 0x00007fff8ff01000 	C:\Windows\SYSTEM32\profapi.dll
0x00007fff7a870000 - 0x00007fff7a889000 	D:\Programas Desenvolvimento\sts-4.18.0.RELEASE\plugins\org.eclipse.justj.openjdk.hotspot.jre.full.win32.x86_64_17.0.6.v20230204-1729\jre\bin\net.dll
0x00007fff88290000 - 0x00007fff883c7000 	C:\Windows\SYSTEM32\WINHTTP.dll
0x00007fff8f430000 - 0x00007fff8f499000 	C:\Windows\system32\mswsock.dll
0x00007fff7a180000 - 0x00007fff7a195000 	D:\Programas Desenvolvimento\sts-4.18.0.RELEASE\plugins\org.eclipse.justj.openjdk.hotspot.jre.full.win32.x86_64_17.0.6.v20230204-1729\jre\bin\nio.dll
0x00007fff80f00000 - 0x00007fff80f09000 	D:\Programas Desenvolvimento\sts-4.18.0.RELEASE\plugins\org.eclipse.justj.openjdk.hotspot.jre.full.win32.x86_64_17.0.6.v20230204-1729\jre\bin\management.dll
0x00007fff80b60000 - 0x00007fff80b6b000 	D:\Programas Desenvolvimento\sts-4.18.0.RELEASE\plugins\org.eclipse.justj.openjdk.hotspot.jre.full.win32.x86_64_17.0.6.v20230204-1729\jre\bin\management_ext.dll
0x00007fff90fe0000 - 0x00007fff90fe8000 	C:\Windows\System32\PSAPI.DLL
0x00007fff61ae0000 - 0x00007fff61af7000 	C:\Windows\system32\napinsp.dll
0x00007fff61a30000 - 0x00007fff61a4b000 	C:\Windows\system32\pnrpnsp.dll
0x00007fff8eb00000 - 0x00007fff8ebf3000 	C:\Windows\SYSTEM32\DNSAPI.dll
0x00007fff8ea90000 - 0x00007fff8eabd000 	C:\Windows\SYSTEM32\IPHLPAPI.DLL
0x00007fff92140000 - 0x00007fff92149000 	C:\Windows\System32\NSI.dll
0x00007fff61a10000 - 0x00007fff61a21000 	C:\Windows\System32\winrnr.dll
0x00007fff87f90000 - 0x00007fff87fa5000 	C:\Windows\system32\wshbth.dll
0x00007fff619e0000 - 0x00007fff61a01000 	C:\Windows\system32\nlansp_c.dll
0x00007fff878a0000 - 0x00007fff878aa000 	C:\Windows\System32\rasadhlp.dll
0x00007fff878e0000 - 0x00007fff87964000 	C:\Windows\System32\fwpuclnt.dll
0x00007fff8f650000 - 0x00007fff8f66b000 	C:\Windows\SYSTEM32\CRYPTSP.dll
0x00007fff8ef30000 - 0x00007fff8ef65000 	C:\Windows\system32\rsaenh.dll
0x00007fff8f4f0000 - 0x00007fff8f518000 	C:\Windows\SYSTEM32\USERENV.dll
0x00007fff8f890000 - 0x00007fff8f8b8000 	C:\Windows\SYSTEM32\bcrypt.dll
0x00007fff8f670000 - 0x00007fff8f67c000 	C:\Windows\SYSTEM32\CRYPTBASE.dll
0x00007fff88630000 - 0x00007fff88649000 	C:\Windows\SYSTEM32\dhcpcsvc6.DLL
0x00007fff88090000 - 0x00007fff880af000 	C:\Windows\SYSTEM32\dhcpcsvc.DLL
0x00007fff8b780000 - 0x00007fff8b790000 	D:\Programas Desenvolvimento\sts-4.18.0.RELEASE\plugins\org.eclipse.justj.openjdk.hotspot.jre.full.win32.x86_64_17.0.6.v20230204-1729\jre\bin\verify.dll
0x00007fff8b740000 - 0x00007fff8b74e000 	D:\Programas Desenvolvimento\sts-4.18.0.RELEASE\plugins\org.eclipse.justj.openjdk.hotspot.jre.full.win32.x86_64_17.0.6.v20230204-1729\jre\bin\sunmscapi.dll
0x00007fff90760000 - 0x00007fff908c7000 	C:\Windows\System32\CRYPT32.dll
0x00007fff8f860000 - 0x00007fff8f88e000 	C:\Windows\SYSTEM32\ncrypt.dll
0x00007fff8f820000 - 0x00007fff8f857000 	C:\Windows\SYSTEM32\NTASN1.dll

dbghelp: loaded successfully - version: 4.0.5 - missing functions: none
symbol engine: initialized successfully - sym options: 0x614 - pdb path: .;D:\Programas Desenvolvimento\sts-4.18.0.RELEASE\plugins\org.eclipse.justj.openjdk.hotspot.jre.full.win32.x86_64_17.0.6.v20230204-1729\jre\bin;C:\Windows\SYSTEM32;C:\Windows\WinSxS\amd64_microsoft.windows.common-controls_6595b64144ccf1df_6.0.22621.1635_none_270f70857386168e;D:\Programas Desenvolvimento\sts-4.18.0.RELEASE\plugins\org.eclipse.justj.openjdk.hotspot.jre.full.win32.x86_64_17.0.6.v20230204-1729\jre\bin\server

VM Arguments:
jvm_args: -Dcom.sun.management.jmxremote -Dcom.sun.management.jmxremote.port=65064 -Dcom.sun.management.jmxremote.authenticate=false -Dcom.sun.management.jmxremote.ssl=false -Djava.rmi.server.hostname=localhost -Dspring.jmx.enabled=true -Dmanagement.endpoints.jmx.exposure.include=* -Dspring.application.admin.enabled=true -XX:TieredStopAtLevel=1 -Dspring.boot.project.name=ms-stock -Dfile.encoding=UTF-8 -XX:+ShowCodeDetailsInExceptionMessages 
java_command: com.msstock.MsStockApplication --spring.output.ansi.enabled=always
java_class_path (initial): D:\GitHub\microservices-trein\ms-stock\target\classes;C:\Users\tiago_1ctyr50\.m2\repository\org\springframework\boot\spring-boot-starter-graphql\3.0.6\spring-boot-starter-graphql-3.0.6.jar;C:\Users\tiago_1ctyr50\.m2\repository\org\springframework\boot\spring-boot-starter\3.0.6\spring-boot-starter-3.0.6.jar;C:\Users\tiago_1ctyr50\.m2\repository\org\springframework\boot\spring-boot\3.0.6\spring-boot-3.0.6.jar;C:\Users\tiago_1ctyr50\.m2\repository\org\springframework\boot\spring-boot-autoconfigure\3.0.6\spring-boot-autoconfigure-3.0.6.jar;C:\Users\tiago_1ctyr50\.m2\repository\org\springframework\boot\spring-boot-starter-logging\3.0.6\spring-boot-starter-logging-3.0.6.jar;C:\Users\tiago_1ctyr50\.m2\repository\ch\qos\logback\logback-classic\1.4.7\logback-classic-1.4.7.jar;C:\Users\tiago_1ctyr50\.m2\repository\ch\qos\logback\logback-core\1.4.7\logback-core-1.4.7.jar;C:\Users\tiago_1ctyr50\.m2\repository\org\apache\logging\log4j\log4j-to-slf4j\2.19.0\log4j-to-slf4j-2.19.0.jar;C:\Users\tiago_1ctyr50\.m2\repository\org\apache\logging\log4j\log4j-api\2.19.0\log4j-api-2.19.0.jar;C:\Users\tiago_1ctyr50\.m2\repository\org\slf4j\jul-to-slf4j\2.0.7\jul-to-slf4j-2.0.7.jar;C:\Users\tiago_1ctyr50\.m2\repository\jakarta\annotation\jakarta.annotation-api\2.1.1\jakarta.annotation-api-2.1.1.jar;C:\Users\tiago_1ctyr50\.m2\repository\org\yaml\snakeyaml\1.33\snakeyaml-1.33.jar;C:\Users\tiago_1ctyr50\.m2\repository\org\springframework\boot\spring-boot-starter-json\3.0.6\spring-boot-starter-json-3.0.6.jar;C:\Users\tiago_1ctyr50\.m2\repository\com\fasterxml\jackson\core\jackson-databind\2.14.2\jackson-databind-2.14.2.jar;C:\Users\tiago_1ctyr50\.m2\repository\com\fasterxml\jackson\core\jackson-annotations\2.14.2\jackson-annotations-2.14.2.jar;C:\Users\tiago_1ctyr50\.m2\repository\com\fasterxml\jackson\core\jackson-core\2.14.2\jackson-core-2.14.2.jar;C:\Users\tiago_1ctyr50\.m2\repository\com\fasterxml\jackson\datatype\jackson-datatype-jdk8\2.14.2\jackson-datatype-jdk
Launcher Type: SUN_STANDARD

[Global flags]
     intx CICompilerCount                          = 4                                         {product} {ergonomic}
     uint ConcGCThreads                            = 2                                         {product} {ergonomic}
     uint G1ConcRefinementThreads                  = 8                                         {product} {ergonomic}
   size_t G1HeapRegionSize                         = 2097152                                   {product} {ergonomic}
    uintx GCDrainStackTargetSize                   = 64                                        {product} {ergonomic}
   size_t InitialHeapSize                          = 201326592                                 {product} {ergonomic}
     bool ManagementServer                         = true                                      {product} {command line}
   size_t MarkStackSize                            = 4194304                                   {product} {ergonomic}
   size_t MaxHeapSize                              = 3191865344                                {product} {ergonomic}
   size_t MaxNewSize                               = 1914699776                                {product} {ergonomic}
   size_t MinHeapDeltaBytes                        = 2097152                                   {product} {ergonomic}
   size_t MinHeapSize                              = 8388608                                   {product} {ergonomic}
    uintx NonProfiledCodeHeapSize                  = 0                                      {pd product} {ergonomic}
     bool ProfileInterpreter                       = false                                  {pd product} {command line}
    uintx ProfiledCodeHeapSize                     = 0                                      {pd product} {ergonomic}
     bool ShowCodeDetailsInExceptionMessages       = true                                   {manageable} {command line}
   size_t SoftMaxHeapSize                          = 3191865344                             {manageable} {ergonomic}
     intx TieredStopAtLevel                        = 1                                         {product} {command line}
     bool UseCompressedClassPointers               = true                           {product lp64_product} {ergonomic}
     bool UseCompressedOops                        = true                           {product lp64_product} {ergonomic}
     bool UseG1GC                                  = true                                      {product} {ergonomic}
     bool UseLargePagesIndividualAllocation        = false                                  {pd product} {ergonomic}

Logging:
Log output configuration:
 #0: stdout all=warning uptime,level,tags
 #1: stderr all=off uptime,level,tags

Environment Variables:
JAVA_HOME=C:\Program Files\Java\jdk-11.0.16.1
PATH=D:/Programas Desenvolvimento/sts-4.18.0.RELEASE//plugins/org.eclipse.justj.openjdk.hotspot.jre.full.win32.x86_64_17.0.6.v20230204-1729/jre/bin/server;D:/Programas Desenvolvimento/sts-4.18.0.RELEASE//plugins/org.eclipse.justj.openjdk.hotspot.jre.full.win32.x86_64_17.0.6.v20230204-1729/jre/bin;C:\Program Files\Common Files\Oracle\Java\javapath;C:\Program Files (x86)\Embarcadero\Studio\21.0\bin;C:\Users\Public\Documents\Embarcadero\Studio\21.0\Bpl;C:\Program Files (x86)\Embarcadero\Studio\21.0\bin64;C:\Users\Public\Documents\Embarcadero\Studio\21.0\Bpl\Win64;C:\Windows\system32;C:\Windows;C:\Windows\System32\Wbem;C:\Windows\System32\WindowsPowerShell\v1.0\;C:\Windows\System32\OpenSSH\;C:\Program Files\Git\cmd;C:\Program Files\nodejs\;C:\Program Files\Java\jdk-11.0.16.1\bin;C:\Program Files\PuTTY\;C:\maven\apache-maven-3.9.1\bin;C:\Program Files\Go\bin;C:\Users\tiago_1ctyr50\AppData\Local\Microsoft\WindowsApps;C:\Users\tiago_1ctyr50\AppData\Roaming\npm;C:\Users\tiago_1ctyr50\AppData\Local\Programs\Microsoft VS Code\bin;C:\Users\tiago_1ctyr50\AppData\Local\Programs\Fiddler;C:\Users\tiago_1ctyr50\go\bin;D:\Programas Desenvolvimento\sts-4.18.0.RELEASE;
USERNAME=tiago_1ctyr50
OS=Windows_NT
PROCESSOR_IDENTIFIER=Intel64 Family 6 Model 142 Stepping 12, GenuineIntel
TMP=C:\Users\TIAGO_~1\AppData\Local\Temp
TEMP=C:\Users\TIAGO_~1\AppData\Local\Temp



---------------  S Y S T E M  ---------------

OS:
 Windows 11 , 64 bit Build 22621 (10.0.22621.1635)
OS uptime: 6 days 13:46 hours
Hyper-V role detected

CPU: total 8 (initial active 8) (4 cores per cpu, 2 threads per core) family 6 model 142 stepping 12 microcode 0xde, cx8, cmov, fxsr, ht, mmx, 3dnowpref, sse, sse2, sse3, ssse3, sse4.1, sse4.2, popcnt, lzcnt, tsc, tscinvbit, avx, avx2, aes, erms, clmul, bmi1, bmi2, adx, fma, vzeroupper, clflush, clflushopt, hv

Memory: 4k page, system-wide physical 12168M (1810M free)
TotalPageFile size 14216M (AvailPageFile size 158M)
current process WorkingSet (physical memory assigned to process): 170M, peak: 170M
current process commit charge ("private bytes"): 201M, peak: 297M

vm_info: OpenJDK 64-Bit Server VM (17.0.6+10) for windows-amd64 JRE (17.0.6+10), built on Jan 18 2023 10:08:59 by "temurin" with MS VC++ 16.7 (VS2019)

END.
