2023-04-28 00:08:56 [restartedMain] INFO  mspessoas.MsPessoasApplication - Starting MsPessoasApplication using Java 17.0.6 with PID 21068 (D:\GitHub\microservices-trein\ms-person\target\classes started by tiago_1ctyr50 in D:\GitHub\microservices-trein\ms-person)
2023-04-28 00:08:56 [restartedMain] INFO  mspessoas.MsPessoasApplication - The following 1 profile is active: "dev"
2023-04-28 00:08:56 [restartedMain] INFO  o.s.b.d.e.DevToolsPropertyDefaultsPostProcessor - Devtools property defaults active! Set 'spring.devtools.add-properties' to 'false' to disable
2023-04-28 00:08:56 [restartedMain] INFO  o.s.b.d.e.DevToolsPropertyDefaultsPostProcessor - For additional web related logging consider setting the 'logging.level.web' property to 'DEBUG'
2023-04-28 00:08:57 [restartedMain] INFO  o.s.d.r.c.RepositoryConfigurationDelegate - Bootstrapping Spring Data JPA repositories in DEFAULT mode.
2023-04-28 00:08:57 [restartedMain] INFO  o.s.d.r.c.RepositoryConfigurationDelegate - Finished Spring Data repository scanning in 87 ms. Found 1 JPA repository interfaces.
2023-04-28 00:08:58 [restartedMain] INFO  o.s.b.w.e.tomcat.TomcatWebServer - Tomcat initialized with port(s): 8080 (http)
2023-04-28 00:08:58 [restartedMain] INFO  o.a.catalina.core.StandardService - Starting service [Tomcat]
2023-04-28 00:08:58 [restartedMain] INFO  o.a.catalina.core.StandardEngine - Starting Servlet engine: [Apache Tomcat/10.1.7]
2023-04-28 00:08:58 [restartedMain] INFO  o.a.c.c.C.[Tomcat].[localhost].[/] - Initializing Spring embedded WebApplicationContext
2023-04-28 00:08:58 [restartedMain] INFO  o.s.b.w.s.c.ServletWebServerApplicationContext - Root WebApplicationContext: initialization completed in 2732 ms
2023-04-28 00:08:58 [restartedMain] INFO  com.zaxxer.hikari.HikariDataSource - HikariPool-1 - Starting...
2023-04-28 00:08:59 [restartedMain] INFO  com.zaxxer.hikari.pool.HikariPool - HikariPool-1 - Added connection com.mysql.cj.jdbc.ConnectionImpl@318d3506
2023-04-28 00:08:59 [restartedMain] INFO  com.zaxxer.hikari.HikariDataSource - HikariPool-1 - Start completed.
2023-04-28 00:08:59 [restartedMain] INFO  o.s.b.a.h.H2ConsoleAutoConfiguration - H2 console available at '/h2-console'. Database available at 'jdbc:mysql://localhost:3306/msperson-dev?createDatabaseIfNotExist=true&serverTimeZone=UTC'
2023-04-28 00:08:59 [restartedMain] INFO  o.f.c.i.license.VersionPrinter - Flyway Community Edition 9.5.1 by Redgate
2023-04-28 00:08:59 [restartedMain] INFO  o.f.c.i.license.VersionPrinter - See what's new here: https://flywaydb.org/documentation/learnmore/releaseNotes#9.5.1
2023-04-28 00:08:59 [restartedMain] INFO  o.f.c.i.license.VersionPrinter - 
2023-04-28 00:08:59 [restartedMain] INFO  o.f.c.i.d.base.BaseDatabaseType - Database: jdbc:mysql://localhost:3306/msperson-dev (MySQL 8.0)
2023-04-28 00:09:00 [restartedMain] INFO  o.f.core.internal.command.DbValidate - Successfully validated 1 migration (execution time 00:00.055s)
2023-04-28 00:09:00 [restartedMain] INFO  o.f.core.internal.command.DbMigrate - Current version of schema `msperson-dev`: 1
2023-04-28 00:09:00 [restartedMain] INFO  o.f.core.internal.command.DbMigrate - Schema `msperson-dev` is up to date. No migration necessary.
2023-04-28 00:09:00 [restartedMain] INFO  o.h.jpa.internal.util.LogHelper - HHH000204: Processing PersistenceUnitInfo [name: default]
2023-04-28 00:09:00 [restartedMain] INFO  org.hibernate.Version - HHH000412: Hibernate ORM core version 6.1.7.Final
2023-04-28 00:09:00 [restartedMain] INFO  SQL dialect - HHH000400: Using dialect: org.hibernate.dialect.MySQLDialect
2023-04-28 00:09:02 [restartedMain] INFO  o.h.e.t.j.p.i.JtaPlatformInitiator - HHH000490: Using JtaPlatform implementation: [org.hibernate.engine.transaction.jta.platform.internal.NoJtaPlatform]
2023-04-28 00:09:02 [restartedMain] INFO  o.s.o.j.LocalContainerEntityManagerFactoryBean - Initialized JPA EntityManagerFactory for persistence unit 'default'
2023-04-28 00:09:03 [restartedMain] WARN  o.s.b.a.o.j.JpaBaseConfiguration$JpaWebConfiguration - spring.jpa.open-in-view is enabled by default. Therefore, database queries may be performed during view rendering. Explicitly configure spring.jpa.open-in-view to disable this warning
2023-04-28 00:09:03 [restartedMain] INFO  o.s.s.web.DefaultSecurityFilterChain - Will secure any request with [org.springframework.security.web.session.DisableEncodeUrlFilter@b28c046, org.springframework.security.web.context.request.async.WebAsyncManagerIntegrationFilter@295ca7b0, org.springframework.security.web.context.SecurityContextHolderFilter@2b593b3e, org.springframework.security.web.header.HeaderWriterFilter@64203de0, org.springframework.security.web.authentication.logout.LogoutFilter@556fc9c2, org.springframework.security.web.authentication.www.BasicAuthenticationFilter@52d3cfa3, org.springframework.security.web.savedrequest.RequestCacheAwareFilter@40311d9b, org.springframework.security.web.servletapi.SecurityContextHolderAwareRequestFilter@7ca47a08, org.springframework.security.web.authentication.AnonymousAuthenticationFilter@28b233bf, org.springframework.security.web.session.SessionManagementFilter@50af804b, org.springframework.security.web.access.ExceptionTranslationFilter@55542f75, org.springframework.security.web.access.intercept.AuthorizationFilter@3f93b8b3]
2023-04-28 00:09:04 [restartedMain] INFO  o.s.b.d.a.OptionalLiveReloadServer - LiveReload server is running on port 35729
2023-04-28 00:09:04 [restartedMain] INFO  o.s.b.w.e.tomcat.TomcatWebServer - Tomcat started on port(s): 8080 (http) with context path ''
2023-04-28 00:09:04 [restartedMain] INFO  mspessoas.MsPessoasApplication - Started MsPessoasApplication in 9.47 seconds (process running for 10.806)
2023-04-28 00:09:23 [RMI TCP Connection(8)-127.0.0.1] INFO  o.s.b.a.SpringApplicationAdminMXBeanRegistrar$SpringApplicationAdmin - Application shutdown requested.
2023-04-28 00:09:23 [RMI TCP Connection(8)-127.0.0.1] INFO  o.a.catalina.core.StandardService - Stopping service [Tomcat]
2023-04-28 00:09:23 [RMI TCP Connection(8)-127.0.0.1] INFO  o.s.o.j.LocalContainerEntityManagerFactoryBean - Closing JPA EntityManagerFactory for persistence unit 'default'
2023-04-28 00:09:23 [RMI TCP Connection(8)-127.0.0.1] INFO  com.zaxxer.hikari.HikariDataSource - HikariPool-1 - Shutdown initiated...
2023-04-28 00:09:23 [RMI TCP Connection(8)-127.0.0.1] INFO  com.zaxxer.hikari.HikariDataSource - HikariPool-1 - Shutdown completed.
